\BOOKMARK [0][-]{Doc-Start}{\376\377\000D\000e\000c\000l\000a\000r\000a\000t\000i\000o\000n}{}% 1
\BOOKMARK [0][-]{chapter*.2}{\376\377\000L\000i\000s\000t\000\040\000o\000f\000\040\000F\000i\000g\000u\000r\000e\000s}{}% 2
\BOOKMARK [0][-]{chapter*.3}{\376\377\000L\000i\000s\000t\000\040\000o\000f\000\040\000T\000a\000b\000l\000e\000s}{}% 3
\BOOKMARK [0][-]{chapter*.4}{\376\377\000N\000o\000m\000e\000n\000c\000l\000a\000t\000u\000r\000e}{}% 4
\BOOKMARK [0][-]{chapter*.5}{\376\377\000A\000b\000s\000t\000r\000a\000c\000t}{}% 5
\BOOKMARK [0][-]{chapter.1}{\376\377\000I\000n\000t\000r\000o\000d\000u\000c\000t\000i\000o\000n}{}% 6
\BOOKMARK [0][-]{chapter.2}{\376\377\000P\000r\000o\000b\000l\000e\000m}{}% 7
\BOOKMARK [1][-]{section.2.1}{\376\377\000O\000v\000e\000r\000v\000i\000e\000w}{chapter.2}% 8
\BOOKMARK [1][-]{section.2.2}{\376\377\000R\000e\000q\000u\000i\000r\000e\000m\000e\000n\000t\000s}{chapter.2}% 9
\BOOKMARK [1][-]{section.2.3}{\376\377\000S\000p\000e\000c\000i\000f\000i\000c\000a\000t\000i\000o\000n\000s}{chapter.2}% 10
\BOOKMARK [0][-]{chapter.3}{\376\377\000B\000a\000c\000k\000g\000r\000o\000u\000n\000d}{}% 11
\BOOKMARK [1][-]{section.3.1}{\376\377\000P\000o\000c\000k\000e\000t\000Q\000u\000b\000e}{chapter.3}% 12
\BOOKMARK [1][-]{section.3.2}{\376\377\000A\000n\000t\000e\000n\000n\000a\000s}{chapter.3}% 13
\BOOKMARK [2][-]{subsection.3.2.1}{\376\377\000H\000a\000l\000f\000-\000W\000a\000v\000e\000\040\000D\000i\000p\000o\000l\000e}{section.3.2}% 14
\BOOKMARK [2][-]{subsection.3.2.2}{\376\377\000G\000e\000n\000e\000r\000a\000l\000\040\000D\000i\000p\000o\000l\000e}{section.3.2}% 15
\BOOKMARK [2][-]{subsection.3.2.3}{\376\377\000Q\000u\000a\000r\000t\000e\000r\000-\000W\000a\000v\000e\000\040\000M\000o\000n\000o\000p\000o\000l\000e}{section.3.2}% 16
\BOOKMARK [2][-]{subsection.3.2.4}{\376\377\000H\000e\000l\000i\000c\000a\000l}{section.3.2}% 17
\BOOKMARK [2][-]{subsection.3.2.5}{\376\377\000P\000a\000t\000c\000h}{section.3.2}% 18
\BOOKMARK [2][-]{subsection.3.2.6}{\376\377\000A\000r\000r\000a\000y}{section.3.2}% 19
\BOOKMARK [2][-]{subsection.3.2.7}{\376\377\000Y\000a\000g\000i\000-\000U\000d\000a}{section.3.2}% 20
\BOOKMARK [2][-]{subsection.3.2.8}{\376\377\000M\000i\000c\000r\000o\000s\000t\000r\000i\000p}{section.3.2}% 21
\BOOKMARK [2][-]{subsection.3.2.9}{\376\377\000S\000u\000m\000m\000a\000r\000y}{section.3.2}% 22
\BOOKMARK [1][-]{section.3.3}{\376\377\000S\000a\000t\000e\000l\000l\000i\000t\000e\000\040\000T\000r\000a\000c\000k\000i\000n\000g}{chapter.3}% 23
\BOOKMARK [2][-]{subsection.3.3.1}{\376\377\000O\000p\000e\000n\000-\000L\000o\000o\000p}{section.3.3}% 24
\BOOKMARK [2][-]{subsection.3.3.2}{\376\377\000G\000P\000S\000\040\000R\000e\000l\000a\000y}{section.3.3}% 25
\BOOKMARK [2][-]{subsection.3.3.3}{\376\377\000R\000a\000d\000i\000o}{section.3.3}% 26
\BOOKMARK [1][-]{section.3.4}{\376\377\000P\000C\000B\000\040\000D\000e\000s\000i\000g\000n}{chapter.3}% 27
\BOOKMARK [2][-]{subsection.3.4.1}{\376\377\000L\000a\000y\000e\000r\000s}{section.3.4}% 28
\BOOKMARK [2][-]{subsection.3.4.2}{\376\377\000T\000r\000a\000c\000e\000s}{section.3.4}% 29
\BOOKMARK [2][-]{subsection.3.4.3}{\376\377\000V\000i\000a\000s}{section.3.4}% 30
\BOOKMARK [2][-]{subsection.3.4.4}{\376\377\000C\000o\000p\000p\000e\000r\000\040\000P\000o\000u\000r\000s}{section.3.4}% 31
\BOOKMARK [2][-]{subsection.3.4.5}{\376\377\000R\000F\000\040\000D\000e\000s\000i\000g\000n}{section.3.4}% 32
\BOOKMARK [0][-]{chapter.4}{\376\377\000S\000y\000s\000t\000e\000m\000\040\000D\000e\000s\000i\000g\000n}{}% 33
\BOOKMARK [1][-]{section.4.1}{\376\377\000O\000v\000e\000r\000v\000i\000e\000w}{chapter.4}% 34
\BOOKMARK [1][-]{section.4.2}{\376\377\000H\000i\000g\000h\000-\000L\000e\000v\000e\000l\000\040\000S\000y\000s\000t\000e\000m}{chapter.4}% 35
\BOOKMARK [0][-]{chapter.5}{\376\377\000D\000e\000t\000a\000i\000l\000e\000d\000\040\000D\000e\000s\000i\000g\000n}{}% 36
\BOOKMARK [1][-]{section.5.1}{\376\377\000C\000o\000m\000p\000o\000n\000e\000n\000t\000s}{chapter.5}% 37
\BOOKMARK [2][-]{subsection.5.1.1}{\376\377\000G\000P\000S}{section.5.1}% 38
\BOOKMARK [1][-]{section.5.2}{\376\377\000P\000o\000c\000k\000e\000t\000Q\000u\000b\000e\000\040\000U\000n\000i\000t}{chapter.5}% 39
\BOOKMARK [1][-]{section.5.3}{\376\377\000L\000i\000n\000k\000\040\000B\000u\000d\000g\000e\000t}{chapter.5}% 40
\BOOKMARK [1][-]{section.5.4}{\376\377\000G\000r\000o\000u\000n\000d\000\040\000S\000t\000a\000t\000i\000o\000n\000\040\000A\000n\000t\000e\000n\000n\000a}{chapter.5}% 41
\BOOKMARK [2][-]{subsection.5.4.1}{\376\377\000M\000e\000c\000h\000a\000n\000i\000c\000a\000l\000\040\000I\000n\000t\000e\000g\000r\000a\000t\000i\000o\000n}{section.5.4}% 42
\BOOKMARK [0][-]{chapter.6}{\376\377\000C\000o\000n\000c\000l\000u\000s\000i\000o\000n}{}% 43
\BOOKMARK [0][-]{chapter*.20}{\376\377\000B\000i\000b\000l\000i\000o\000g\000r\000a\000p\000h\000y}{}% 44
\BOOKMARK [0][-]{appendix.A}{\376\377\000A\000p\000p\000e\000n\000d\000i\000x\000\040\000A}{}% 45
