This is pdfTeX, Version 3.141592653-2.6-1.40.22 (TeX Live 2022/dev/Debian) (preloaded format=pdflatex 2023.6.14)  6 NOV 2023 02:33
entering extended mode
 restricted \write18 enabled.
 file:line:error style messages enabled.
 %&-line parsing enabled.
**/home/gary/data/university/2023/skripsie/report/report.tex
(/home/gary/data/university/2023/skripsie/report/report.tex
LaTeX2e <2021-11-15> patch level 1
L3 programming layer <2022-01-21> (/usr/share/texlive/texmf-dist/tex/latex/base/report.cls
Document Class: report 2021/10/04 v1.4n Standard LaTeX document class
(/usr/share/texlive/texmf-dist/tex/latex/base/size12.clo
File: size12.clo 2021/10/04 v1.4n Standard LaTeX file (size option)
)
\c@part=\count185
\c@chapter=\count186
\c@section=\count187
\c@subsection=\count188
\c@subsubsection=\count189
\c@paragraph=\count190
\c@subparagraph=\count191
\c@figure=\count192
\c@table=\count193
\abovecaptionskip=\skip47
\belowcaptionskip=\skip48
\bibindent=\dimen138
) (/usr/share/texlive/texmf-dist/tex/latex/geometry/geometry.sty
Package: geometry 2020/01/02 v5.9 Page Geometry
 (/usr/share/texlive/texmf-dist/tex/latex/graphics/keyval.sty
Package: keyval 2014/10/28 v1.15 key=value parser (DPC)
\KV@toks@=\toks16
) (/usr/share/texlive/texmf-dist/tex/generic/iftex/ifvtex.sty
Package: ifvtex 2019/10/25 v1.7 ifvtex legacy package. Use iftex instead.
 (/usr/share/texlive/texmf-dist/tex/generic/iftex/iftex.sty
Package: iftex 2020/03/06 v1.0d TeX engine tests
))
\Gm@cnth=\count194
\Gm@cntv=\count195
\c@Gm@tempcnt=\count196
\Gm@bindingoffset=\dimen139
\Gm@wd@mp=\dimen140
\Gm@odd@mp=\dimen141
\Gm@even@mp=\dimen142
\Gm@layoutwidth=\dimen143
\Gm@layoutheight=\dimen144
\Gm@layouthoffset=\dimen145
\Gm@layoutvoffset=\dimen146
\Gm@dimlist=\toks17
) (/usr/share/texlive/texmf-dist/tex/latex/caption/caption.sty
Package: caption 2020/10/26 v3.5g Customizing captions (AR)
 (/usr/share/texlive/texmf-dist/tex/latex/caption/caption3.sty
Package: caption3 2020/10/21 v2.2e caption3 kernel (AR)
\captionmargin=\dimen147
\captionmargin@=\dimen148
\captionwidth=\dimen149
\caption@tempdima=\dimen150
\caption@indent=\dimen151
\caption@parindent=\dimen152
\caption@hangindent=\dimen153
Package caption Info: Standard document class detected.
)
\c@caption@flags=\count197
\c@continuedfloat=\count198
) (/usr/share/texlive/texmf-dist/tex/latex/graphics/graphicx.sty
Package: graphicx 2021/09/16 v1.2d Enhanced LaTeX Graphics (DPC,SPQR)
 (/usr/share/texlive/texmf-dist/tex/latex/graphics/graphics.sty
Package: graphics 2021/03/04 v1.4d Standard LaTeX Graphics (DPC,SPQR)
 (/usr/share/texlive/texmf-dist/tex/latex/graphics/trig.sty
Package: trig 2021/08/11 v1.11 sin cos tan (DPC)
) (/usr/share/texlive/texmf-dist/tex/latex/graphics-cfg/graphics.cfg
File: graphics.cfg 2016/06/04 v1.11 sample graphics configuration
)
Package graphics Info: Driver file: pdftex.def on input line 107.
 (/usr/share/texlive/texmf-dist/tex/latex/graphics-def/pdftex.def
File: pdftex.def 2020/10/05 v1.2a Graphics/color driver for pdftex
))
\Gin@req@height=\dimen154
\Gin@req@width=\dimen155
) (/usr/share/texlive/texmf-dist/tex/latex/pdfpages/pdfpages.sty
Package: pdfpages 2022/01/29 v0.5u Insert pages of external PDF documents (AM)
 (/usr/share/texlive/texmf-dist/tex/latex/base/ifthen.sty
Package: ifthen 2020/11/24 v1.1c Standard LaTeX ifthen package (DPC)
) (/usr/share/texlive/texmf-dist/tex/latex/tools/calc.sty
Package: calc 2017/05/25 v4.3 Infix arithmetic (KKT,FJ)
\calc@Acount=\count199
\calc@Bcount=\count266
\calc@Adimen=\dimen156
\calc@Bdimen=\dimen157
\calc@Askip=\skip49
\calc@Bskip=\skip50
LaTeX Info: Redefining \setlength on input line 80.
LaTeX Info: Redefining \addtolength on input line 81.
\calc@Ccount=\count267
\calc@Cskip=\skip51
) (/usr/share/texlive/texmf-dist/tex/latex/eso-pic/eso-pic.sty
Package: eso-pic 2020/10/14 v3.0a eso-pic (RN)
\ESO@tempdima=\dimen158
\ESO@tempdimb=\dimen159
 (/usr/share/texlive/texmf-dist/tex/latex/xcolor/xcolor.sty
Package: xcolor 2021/10/31 v2.13 LaTeX color extensions (UK)
 (/usr/share/texlive/texmf-dist/tex/latex/graphics-cfg/color.cfg
File: color.cfg 2016/01/02 v1.6 sample color configuration
)
Package xcolor Info: Driver file: pdftex.def on input line 227.
Package xcolor Info: Model `cmy' substituted by `cmy0' on input line 1352.
Package xcolor Info: Model `hsb' substituted by `rgb' on input line 1356.
Package xcolor Info: Model `RGB' extended on input line 1368.
Package xcolor Info: Model `HTML' substituted by `rgb' on input line 1370.
Package xcolor Info: Model `Hsb' substituted by `hsb' on input line 1371.
Package xcolor Info: Model `tHsb' substituted by `hsb' on input line 1372.
Package xcolor Info: Model `HSB' substituted by `hsb' on input line 1373.
Package xcolor Info: Model `Gray' substituted by `gray' on input line 1374.
Package xcolor Info: Model `wave' substituted by `hsb' on input line 1375.
))
\AM@pagewidth=\dimen160
\AM@pageheight=\dimen161
\AM@fboxrule=\dimen162
 (/usr/share/texlive/texmf-dist/tex/latex/pdfpages/pppdftex.def
File: pppdftex.def 2022/01/29 v0.5u Pdfpages driver for pdfTeX (AM)
)
\pdfpages@includegraphics@status=\count268
\AM@pagebox=\box50
\AM@global@opts=\toks18
\AM@pagecnt=\count269
\AM@toc@title=\toks19
\c@AM@survey=\count270
\AM@templatesizebox=\box51
) (/usr/share/texlive/texmf-dist/tex/latex/caption/subcaption.sty
Package: subcaption 2020/10/07 v1.3j Sub-captions (AR)
\c@subfigure=\count271
\c@subtable=\count272
) (/usr/share/texlive/texmf-dist/tex/generic/babel/babel.sty
Package: babel 2022/01/26 3.70 The Babel package
\babel@savecnt=\count273
\U@D=\dimen163
\l@unhyphenated=\language7
 (/usr/share/texlive/texmf-dist/tex/generic/babel/txtbabel.def)
\bbl@readstream=\read2
\bbl@dirlevel=\count274
 (/usr/share/texlive/texmf-dist/tex/generic/babel-english/english.ldf
Language: english 2017/06/06 v3.3r English support from the babel system
Package babel Info: Hyphen rules for 'british' set to \l@english
(babel)             (\language0). Reported on input line 82.
Package babel Info: Hyphen rules for 'UKenglish' set to \l@english
(babel)             (\language0). Reported on input line 83.
Package babel Info: Hyphen rules for 'canadian' set to \l@english
(babel)             (\language0). Reported on input line 102.
Package babel Info: Hyphen rules for 'australian' set to \l@english
(babel)             (\language0). Reported on input line 105.
Package babel Info: Hyphen rules for 'newzealand' set to \l@english
(babel)             (\language0). Reported on input line 108.
)) (/usr/share/texlive/texmf-dist/tex/latex/microtype/microtype.sty
Package: microtype 2021/12/10 v3.0b Micro-typographical refinements (RS)
 (/usr/share/texlive/texmf-dist/tex/latex/etoolbox/etoolbox.sty
Package: etoolbox 2020/10/05 v2.5k e-TeX tools for LaTeX (JAW)
\etb@tempcnta=\count275
)
\MT@toks=\toks20
\MT@count=\count276
\MT@tempbox=\box52
LaTeX Info: Redefining \leftprotrusion on input line 1010.
LaTeX Info: Redefining \rightprotrusion on input line 1018.
LaTeX Info: Redefining \textls on input line 1173.
\MT@outer@kern=\dimen164
LaTeX Info: Redefining \textmicrotypecontext on input line 1759.
\MT@listname@count=\count277
 (/usr/share/texlive/texmf-dist/tex/latex/microtype/microtype-pdftex.def
File: microtype-pdftex.def 2021/12/10 v3.0b Definitions specific to pdftex (RS)
LaTeX Info: Redefining \lsstyle on input line 897.
LaTeX Info: Redefining \lslig on input line 897.
\MT@outer@space=\skip52
)
Package microtype Info: Loading configuration file microtype.cfg.
 (/usr/share/texlive/texmf-dist/tex/latex/microtype/microtype.cfg
File: microtype.cfg 2021/12/10 v3.0b microtype main configuration file (RS)
)) (/usr/share/texlive/texmf-dist/tex/latex/setspace/setspace.sty
Package: setspace 2011/12/19 v6.7a set line spacing
) (/usr/share/texmf/tex/latex/lm/lmodern.sty
Package: lmodern 2009/10/30 v1.6 Latin Modern Fonts
LaTeX Font Info:    Overwriting symbol font `operators' in version `normal'
(Font)                  OT1/cmr/m/n --> OT1/lmr/m/n on input line 22.
LaTeX Font Info:    Overwriting symbol font `letters' in version `normal'
(Font)                  OML/cmm/m/it --> OML/lmm/m/it on input line 23.
LaTeX Font Info:    Overwriting symbol font `symbols' in version `normal'
(Font)                  OMS/cmsy/m/n --> OMS/lmsy/m/n on input line 24.
LaTeX Font Info:    Overwriting symbol font `largesymbols' in version `normal'
(Font)                  OMX/cmex/m/n --> OMX/lmex/m/n on input line 25.
LaTeX Font Info:    Overwriting symbol font `operators' in version `bold'
(Font)                  OT1/cmr/bx/n --> OT1/lmr/bx/n on input line 26.
LaTeX Font Info:    Overwriting symbol font `letters' in version `bold'
(Font)                  OML/cmm/b/it --> OML/lmm/b/it on input line 27.
LaTeX Font Info:    Overwriting symbol font `symbols' in version `bold'
(Font)                  OMS/cmsy/b/n --> OMS/lmsy/b/n on input line 28.
LaTeX Font Info:    Overwriting symbol font `largesymbols' in version `bold'
(Font)                  OMX/cmex/m/n --> OMX/lmex/m/n on input line 29.
LaTeX Font Info:    Overwriting math alphabet `\mathbf' in version `normal'
(Font)                  OT1/cmr/bx/n --> OT1/lmr/bx/n on input line 31.
LaTeX Font Info:    Overwriting math alphabet `\mathsf' in version `normal'
(Font)                  OT1/cmss/m/n --> OT1/lmss/m/n on input line 32.
LaTeX Font Info:    Overwriting math alphabet `\mathit' in version `normal'
(Font)                  OT1/cmr/m/it --> OT1/lmr/m/it on input line 33.
LaTeX Font Info:    Overwriting math alphabet `\mathtt' in version `normal'
(Font)                  OT1/cmtt/m/n --> OT1/lmtt/m/n on input line 34.
LaTeX Font Info:    Overwriting math alphabet `\mathbf' in version `bold'
(Font)                  OT1/cmr/bx/n --> OT1/lmr/bx/n on input line 35.
LaTeX Font Info:    Overwriting math alphabet `\mathsf' in version `bold'
(Font)                  OT1/cmss/bx/n --> OT1/lmss/bx/n on input line 36.
LaTeX Font Info:    Overwriting math alphabet `\mathit' in version `bold'
(Font)                  OT1/cmr/bx/it --> OT1/lmr/bx/it on input line 37.
LaTeX Font Info:    Overwriting math alphabet `\mathtt' in version `bold'
(Font)                  OT1/cmtt/m/n --> OT1/lmtt/m/n on input line 38.
) (/usr/share/texlive/texmf-dist/tex/latex/siunitx/siunitx.sty
Package: siunitx 2022-02-02 v3.0.46 A comprehensive (SI) units package
\l__siunitx_angle_tmp_dim=\dimen165
\l__siunitx_angle_marker_box=\box53
\l__siunitx_angle_unit_box=\box54
\l__siunitx_compound_count_int=\count278
 (/usr/share/texlive/texmf-dist/tex/latex/translations/translations.sty
Package: translations 2022/01/04 v1.11 internationalization of LaTeX2e packages (CN)
 (/usr/share/texlive/texmf-dist/tex/generic/pdftexcmds/pdftexcmds.sty
Package: pdftexcmds 2020-06-27 v0.33 Utility functions of pdfTeX for LuaTeX (HO)
 (/usr/share/texlive/texmf-dist/tex/generic/infwarerr/infwarerr.sty
Package: infwarerr 2019/12/03 v1.5 Providing info/warning/error messages (HO)
) (/usr/share/texlive/texmf-dist/tex/generic/ltxcmds/ltxcmds.sty
Package: ltxcmds 2020-05-10 v1.25 LaTeX kernel commands for general use (HO)
)
Package pdftexcmds Info: \pdf@primitive is available.
Package pdftexcmds Info: \pdf@ifprimitive is available.
Package pdftexcmds Info: \pdfdraftmode found.
))
\l__siunitx_number_exponent_fixed_int=\count279
\l__siunitx_number_min_decimal_int=\count280
\l__siunitx_number_min_integer_int=\count281
\l__siunitx_number_round_precision_int=\count282
\l__siunitx_number_group_minimum_int=\count283
 (/usr/share/texlive/texmf-dist/tex/latex/amsmath/amstext.sty
Package: amstext 2021/08/26 v2.01 AMS text
 (/usr/share/texlive/texmf-dist/tex/latex/amsmath/amsgen.sty
File: amsgen.sty 1999/11/30 v2.0 generic functions
\@emptytoks=\toks21
\ex@=\dimen166
))
\l__siunitx_table_tmp_box=\box55
\l__siunitx_table_tmp_dim=\dimen167
\l__siunitx_table_column_width_dim=\dimen168
\l__siunitx_table_integer_box=\box56
\l__siunitx_table_decimal_box=\box57
\l__siunitx_table_before_box=\box58
\l__siunitx_table_after_box=\box59
\l__siunitx_table_before_dim=\dimen169
\l__siunitx_table_carry_dim=\dimen170
\l__siunitx_unit_tmp_int=\count284
\l__siunitx_unit_position_int=\count285
\l__siunitx_unit_total_int=\count286
 (/usr/share/texlive/texmf-dist/tex/latex/l3packages/l3keys2e/l3keys2e.sty (/usr/share/texlive/texmf-dist/tex/latex/l3kernel/expl3.sty
Package: expl3 2022-01-21 L3 programming layer (loader) 
 (/usr/share/texlive/texmf-dist/tex/latex/l3backend/l3backend-pdftex.def
File: l3backend-pdftex.def 2022-01-12 L3 backend support: PDF output (pdfTeX)
\l__color_backend_stack_int=\count287
\l__pdf_internal_box=\box60
))
Package: l3keys2e 2022-01-12 LaTeX2e option processing using LaTeX3 keys
) (/usr/share/texlive/texmf-dist/tex/latex/tools/array.sty
Package: array 2021/10/04 v2.5f Tabular extension package (FMi)
\col@sep=\dimen171
\ar@mcellbox=\box61
\extrarowheight=\dimen172
\NC@list=\toks22
\extratabsurround=\skip53
\backup@length=\skip54
\ar@cellbox=\box62
)) (/usr/share/texlive/texmf-dist/tex/latex/lipsum/lipsum.sty
Package: lipsum 2021-09-20 v2.7 150 paragraphs of Lorem Ipsum dummy text
\g__lipsum_par_int=\count288
\l__lipsum_a_int=\count289
\l__lipsum_b_int=\count290
 (/usr/share/texlive/texmf-dist/tex/latex/lipsum/lipsum.ltd.tex)) (/usr/share/texlive/texmf-dist/tex/latex/titlesec/titlesec.sty
Package: titlesec 2021/07/05 v2.14 Sectioning titles
\ttl@box=\box63
\beforetitleunit=\skip55
\aftertitleunit=\skip56
\ttl@plus=\dimen173
\ttl@minus=\dimen174
\ttl@toksa=\toks23
\titlewidth=\dimen175
\titlewidthlast=\dimen176
\titlewidthfirst=\dimen177
) (/usr/share/texlive/texmf-dist/tex/latex/amsmath/amsmath.sty
Package: amsmath 2021/10/15 v2.17l AMS math features
\@mathmargin=\skip57

For additional information on amsmath, use the `?' option.
(/usr/share/texlive/texmf-dist/tex/latex/amsmath/amsbsy.sty
Package: amsbsy 1999/11/29 v1.2d Bold Symbols
\pmbraise@=\dimen178
) (/usr/share/texlive/texmf-dist/tex/latex/amsmath/amsopn.sty
Package: amsopn 2021/08/26 v2.02 operator names
)
\inf@bad=\count291
LaTeX Info: Redefining \frac on input line 234.
\uproot@=\count292
\leftroot@=\count293
LaTeX Info: Redefining \overline on input line 399.
\classnum@=\count294
\DOTSCASE@=\count295
LaTeX Info: Redefining \ldots on input line 496.
LaTeX Info: Redefining \dots on input line 499.
LaTeX Info: Redefining \cdots on input line 620.
\Mathstrutbox@=\box64
\strutbox@=\box65
\big@size=\dimen179
LaTeX Font Info:    Redeclaring font encoding OML on input line 743.
LaTeX Font Info:    Redeclaring font encoding OMS on input line 744.
\macc@depth=\count296
\c@MaxMatrixCols=\count297
\dotsspace@=\muskip16
\c@parentequation=\count298
\dspbrk@lvl=\count299
\tag@help=\toks24
\row@=\count300
\column@=\count301
\maxfields@=\count302
\andhelp@=\toks25
\eqnshift@=\dimen180
\alignsep@=\dimen181
\tagshift@=\dimen182
\tagwidth@=\dimen183
\totwidth@=\dimen184
\lineht@=\dimen185
\@envbody=\toks26
\multlinegap=\skip58
\multlinetaggap=\skip59
\mathdisplay@stack=\toks27
LaTeX Info: Redefining \[ on input line 2938.
LaTeX Info: Redefining \] on input line 2939.
) (/usr/share/texlive/texmf-dist/tex/latex/amsfonts/amssymb.sty
Package: amssymb 2013/01/14 v3.01 AMS font symbols
 (/usr/share/texlive/texmf-dist/tex/latex/amsfonts/amsfonts.sty
Package: amsfonts 2013/01/14 v3.01 Basic AMSFonts support
\symAMSa=\mathgroup4
\symAMSb=\mathgroup5
LaTeX Font Info:    Redeclaring math symbol \hbar on input line 98.
LaTeX Font Info:    Overwriting math alphabet `\mathfrak' in version `bold'
(Font)                  U/euf/m/n --> U/euf/b/n on input line 106.
)) (/usr/share/texlive/texmf-dist/tex/latex/cancel/cancel.sty
Package: cancel 2013/04/12 v2.2 Cancel math terms
) (/usr/share/texlive/texmf-dist/tex/latex/booktabs/booktabs.sty
Package: booktabs 2020/01/12 v1.61803398 Publication quality tables
\heavyrulewidth=\dimen186
\lightrulewidth=\dimen187
\cmidrulewidth=\dimen188
\belowrulesep=\dimen189
\belowbottomsep=\dimen190
\aboverulesep=\dimen191
\abovetopsep=\dimen192
\cmidrulesep=\dimen193
\cmidrulekern=\dimen194
\defaultaddspace=\dimen195
\@cmidla=\count303
\@cmidlb=\count304
\@aboverulesep=\dimen196
\@belowrulesep=\dimen197
\@thisruleclass=\count305
\@lastruleclass=\count306
\@thisrulewidth=\dimen198
) (/usr/share/texlive/texmf-dist/tex/latex/tools/tabularx.sty
Package: tabularx 2020/01/15 v2.11c `tabularx' package (DPC)
\TX@col@width=\dimen199
\TX@old@table=\dimen256
\TX@old@col=\dimen257
\TX@target=\dimen258
\TX@delta=\dimen259
\TX@cols=\count307
\TX@ftn=\toks28
) (/usr/share/texlive/texmf-dist/tex/latex/multirow/multirow.sty
Package: multirow 2021/03/15 v2.8 Span multiple rows of a table
\multirow@colwidth=\skip60
\multirow@cntb=\count308
\multirow@dima=\skip61
\bigstrutjot=\dimen260
) (/usr/share/texlive/texmf-dist/tex/latex/makecell/makecell.sty
Package: makecell 2009/08/03 V0.1e Managing of Tab Column Heads and Cells
\rotheadsize=\dimen261
\c@nlinenum=\count309
\TeXr@lab=\toks29
) (/usr/share/texlive/texmf-dist/tex/latex/fancyhdr/fancyhdr.sty
Package: fancyhdr 2021/01/28 v4.0.1 Extensive control of page headers and footers
\f@nch@headwidth=\skip62
\f@nch@O@elh=\skip63
\f@nch@O@erh=\skip64
\f@nch@O@olh=\skip65
\f@nch@O@orh=\skip66
\f@nch@O@elf=\skip67
\f@nch@O@erf=\skip68
\f@nch@O@olf=\skip69
\f@nch@O@orf=\skip70
) (/usr/share/texlive/texmf-dist/tex/latex/algorithms/algorithm.sty
Package: algorithm 2009/08/24 v0.1 Document Style `algorithm' - floating environment
 (/usr/share/texlive/texmf-dist/tex/latex/float/float.sty
Package: float 2001/11/08 v1.3d Float enhancements (AL)
\c@float@type=\count310
\float@exts=\toks30
\float@box=\box66
\@float@everytoks=\toks31
\@floatcapt=\box67
)
\@float@every@algorithm=\toks32
\c@algorithm=\count311
) (/usr/share/texlive/texmf-dist/tex/latex/hyperref/hyperref.sty
Package: hyperref 2021-06-07 v7.00m Hypertext links for LaTeX
 (/usr/share/texlive/texmf-dist/tex/generic/kvsetkeys/kvsetkeys.sty
Package: kvsetkeys 2019/12/15 v1.18 Key value parser (HO)
) (/usr/share/texlive/texmf-dist/tex/generic/kvdefinekeys/kvdefinekeys.sty
Package: kvdefinekeys 2019-12-19 v1.6 Define keys (HO)
) (/usr/share/texlive/texmf-dist/tex/generic/pdfescape/pdfescape.sty
Package: pdfescape 2019/12/09 v1.15 Implements pdfTeX's escape features (HO)
) (/usr/share/texlive/texmf-dist/tex/latex/hycolor/hycolor.sty
Package: hycolor 2020-01-27 v1.10 Color options for hyperref/bookmark (HO)
) (/usr/share/texlive/texmf-dist/tex/latex/letltxmacro/letltxmacro.sty
Package: letltxmacro 2019/12/03 v1.6 Let assignment for LaTeX macros (HO)
) (/usr/share/texlive/texmf-dist/tex/latex/auxhook/auxhook.sty
Package: auxhook 2019-12-17 v1.6 Hooks for auxiliary files (HO)
) (/usr/share/texlive/texmf-dist/tex/latex/kvoptions/kvoptions.sty
Package: kvoptions 2020-10-07 v3.14 Key value format for package options (HO)
)
\@linkdim=\dimen262
\Hy@linkcounter=\count312
\Hy@pagecounter=\count313
 (/usr/share/texlive/texmf-dist/tex/latex/hyperref/pd1enc.def
File: pd1enc.def 2021-06-07 v7.00m Hyperref: PDFDocEncoding definition (HO)
Now handling font encoding PD1 ...
... no UTF-8 mapping file for font encoding PD1
) (/usr/share/texlive/texmf-dist/tex/latex/hyperref/hyperref-langpatches.def
File: hyperref-langpatches.def 2021-06-07 v7.00m Hyperref: patches for babel languages
) (/usr/share/texlive/texmf-dist/tex/generic/intcalc/intcalc.sty
Package: intcalc 2019/12/15 v1.3 Expandable calculations with integers (HO)
) (/usr/share/texlive/texmf-dist/tex/generic/etexcmds/etexcmds.sty
Package: etexcmds 2019/12/15 v1.7 Avoid name clashes with e-TeX commands (HO)
)
\Hy@SavedSpaceFactor=\count314
 (/usr/share/texlive/texmf-dist/tex/latex/hyperref/puenc.def
File: puenc.def 2021-06-07 v7.00m Hyperref: PDF Unicode definition (HO)
Now handling font encoding PU ...
... no UTF-8 mapping file for font encoding PU
)
Package hyperref Info: Hyper figures OFF on input line 4192.
Package hyperref Info: Link nesting OFF on input line 4197.
Package hyperref Info: Hyper index ON on input line 4200.
Package hyperref Info: Plain pages OFF on input line 4207.
Package hyperref Info: Backreferencing OFF on input line 4212.
Package hyperref Info: Implicit mode ON; LaTeX internals redefined.
Package hyperref Info: Bookmarks ON on input line 4445.
\c@Hy@tempcnt=\count315
 (/usr/share/texlive/texmf-dist/tex/latex/url/url.sty
\Urlmuskip=\muskip17
Package: url 2013/09/16  ver 3.4  Verb mode for urls, etc.
)
LaTeX Info: Redefining \url on input line 4804.
\XeTeXLinkMargin=\dimen263
 (/usr/share/texlive/texmf-dist/tex/generic/bitset/bitset.sty
Package: bitset 2019/12/09 v1.3 Handle bit-vector datatype (HO)
 (/usr/share/texlive/texmf-dist/tex/generic/bigintcalc/bigintcalc.sty
Package: bigintcalc 2019/12/15 v1.5 Expandable calculations on big integers (HO)
))
\Fld@menulength=\count316
\Field@Width=\dimen264
\Fld@charsize=\dimen265
Package hyperref Info: Hyper figures OFF on input line 6076.
Package hyperref Info: Link nesting OFF on input line 6081.
Package hyperref Info: Hyper index ON on input line 6084.
Package hyperref Info: backreferencing OFF on input line 6091.
Package hyperref Info: Link coloring OFF on input line 6096.
Package hyperref Info: Link coloring with OCG OFF on input line 6101.
Package hyperref Info: PDF/A mode OFF on input line 6106.
LaTeX Info: Redefining \ref on input line 6146.
LaTeX Info: Redefining \pageref on input line 6150.
 (/usr/share/texlive/texmf-dist/tex/latex/base/atbegshi-ltx.sty
Package: atbegshi-ltx 2021/01/10 v1.0c Emulation of the original atbegshi
package with kernel methods
)
\Hy@abspage=\count317
\c@Item=\count318
\c@Hfootnote=\count319
)
Package hyperref Info: Driver (autodetected): hpdftex.
 (/usr/share/texlive/texmf-dist/tex/latex/hyperref/hpdftex.def
File: hpdftex.def 2021-06-07 v7.00m Hyperref driver for pdfTeX
 (/usr/share/texlive/texmf-dist/tex/latex/base/atveryend-ltx.sty
Package: atveryend-ltx 2020/08/19 v1.0a Emulation of the original atveryend package
with kernel methods
)
\Fld@listcount=\count320
\c@bookmark@seq@number=\count321
 (/usr/share/texlive/texmf-dist/tex/latex/rerunfilecheck/rerunfilecheck.sty
Package: rerunfilecheck 2019/12/05 v1.9 Rerun checks for auxiliary files (HO)
 (/usr/share/texlive/texmf-dist/tex/generic/uniquecounter/uniquecounter.sty
Package: uniquecounter 2019/12/15 v1.4 Provide unlimited unique counter (HO)
)
Package uniquecounter Info: New unique counter `rerunfilecheck' on input line 286.
)
\Hy@SectionHShift=\skip71
)
Package hyperref Info: Option `colorlinks' set `true' on input line 104.
 (/usr/share/texlive/texmf-dist/tex/latex/tocbibind/tocbibind.sty
Package: tocbibind 2010/10/13 v1.5k extra ToC listings
Package tocbibind Info: The document has chapter divisions on input line 50.


Package tocbibind Note: Using chapter style headings, unless overridden.

) (/usr/share/texlive/texmf-dist/tex/latex/algorithmicx/algpseudocode.sty
Package: algpseudocode 
 (/usr/share/texlive/texmf-dist/tex/latex/algorithmicx/algorithmicx.sty
Package: algorithmicx 2005/04/27 v1.2 Algorithmicx

Document Style algorithmicx 1.2 - a greatly improved `algorithmic' style
\c@ALG@line=\count322
\c@ALG@rem=\count323
\c@ALG@nested=\count324
\ALG@tlm=\skip72
\ALG@thistlm=\skip73
\c@ALG@Lnr=\count325
\c@ALG@blocknr=\count326
\c@ALG@storecount=\count327
\c@ALG@tmpcounter=\count328
\ALG@tmplength=\skip74
)
Document Style - pseudocode environments for use with the `algorithmicx' style
) (/usr/share/texlive/texmf-dist/tex/latex/cite/cite.sty
LaTeX Info: Redefining \cite on input line 302.
LaTeX Info: Redefining \nocite on input line 332.
Package: cite 2015/02/27  v 5.5
) (/usr/share/texlive/texmf-dist/tex/generic/ulem/ulem.sty
\UL@box=\box68
\UL@hyphenbox=\box69
\UL@skip=\skip75
\UL@hook=\toks33
\UL@height=\dimen266
\UL@pe=\count329
\UL@pixel=\dimen267
\ULC@box=\box70
Package: ulem 2019/11/18
\ULdepth=\dimen268
) (/usr/share/texlive/texmf-dist/tex/latex/subfiles/subfiles.sty
Package: subfiles 2020/11/14 v2.2 Multi-file projects (package)
 (/usr/share/texlive/texmf-dist/tex/latex/import/import.sty
Package: import 2020/04/01  v 6.2
))
LaTeX Font Info:    Trying to load font information for OT1+lmr on input line 127.
 (/usr/share/texmf/tex/latex/lm/ot1lmr.fd
File: ot1lmr.fd 2009/10/30 v1.6 Font defs for Latin Modern
) (build/report.aux)
\openout1 = `report.aux'.

LaTeX Font Info:    Checking defaults for OML/cmm/m/it on input line 127.
LaTeX Font Info:    ... okay on input line 127.
LaTeX Font Info:    Checking defaults for OMS/cmsy/m/n on input line 127.
LaTeX Font Info:    ... okay on input line 127.
LaTeX Font Info:    Checking defaults for OT1/cmr/m/n on input line 127.
LaTeX Font Info:    ... okay on input line 127.
LaTeX Font Info:    Checking defaults for T1/cmr/m/n on input line 127.
LaTeX Font Info:    ... okay on input line 127.
LaTeX Font Info:    Checking defaults for TS1/cmr/m/n on input line 127.
LaTeX Font Info:    ... okay on input line 127.
LaTeX Font Info:    Checking defaults for OMX/cmex/m/n on input line 127.
LaTeX Font Info:    ... okay on input line 127.
LaTeX Font Info:    Checking defaults for U/cmr/m/n on input line 127.
LaTeX Font Info:    ... okay on input line 127.
LaTeX Font Info:    Checking defaults for PD1/pdf/m/n on input line 127.
LaTeX Font Info:    ... okay on input line 127.
LaTeX Font Info:    Checking defaults for PU/pdf/m/n on input line 127.
LaTeX Font Info:    ... okay on input line 127.

*geometry* driver: auto-detecting
*geometry* detected driver: pdftex
*geometry* verbose mode - [ preamble ] result:
* driver: pdftex
* paper: a4paper
* layout: <same size as paper>
* layoutoffset:(h,v)=(0.0pt,0.0pt)
* modes: 
* h-part:(L,W,R)=(71.13188pt, 455.24411pt, 71.13188pt)
* v-part:(T,H,B)=(71.13188pt, 702.78308pt, 71.13188pt)
* \paperwidth=597.50787pt
* \paperheight=845.04684pt
* \textwidth=455.24411pt
* \textheight=702.78308pt
* \oddsidemargin=-1.1381pt
* \evensidemargin=-1.1381pt
* \topmargin=-38.1381pt
* \headheight=14.5pt
* \headsep=25.0pt
* \topskip=12.0pt
* \footskip=30.0pt
* \marginparwidth=35.0pt
* \marginparsep=10.0pt
* \columnsep=10.0pt
* \skip\footins=10.8pt plus 4.0pt minus 2.0pt
* \hoffset=0.0pt
* \voffset=0.0pt
* \mag=1000
* \@twocolumnfalse
* \@twosidefalse
* \@mparswitchfalse
* \@reversemarginfalse
* (1in=72.27pt=25.4mm, 1cm=28.453pt)

Package caption Info: Begin \AtBeginDocument code.
Package caption Info: float package is loaded.
Package caption Info: hyperref package is loaded.
Package caption Info: End \AtBeginDocument code.
(/usr/share/texlive/texmf-dist/tex/context/base/mkii/supp-pdf.mkii
[Loading MPS to PDF converter (version 2006.09.02).]
\scratchcounter=\count330
\scratchdimen=\dimen269
\scratchbox=\box71
\nofMPsegments=\count331
\nofMParguments=\count332
\everyMPshowfont=\toks34
\MPscratchCnt=\count333
\MPscratchDim=\dimen270
\MPnumerator=\count334
\makeMPintoPDFobject=\count335
\everyMPtoPDFconversion=\toks35
) (/usr/share/texlive/texmf-dist/tex/latex/epstopdf-pkg/epstopdf-base.sty
Package: epstopdf-base 2020-01-24 v2.11 Base part for package epstopdf
Package epstopdf-base Info: Redefining graphics rule for `.eps' on input line 485.
 (/usr/share/texlive/texmf-dist/tex/latex/latexconfig/epstopdf-sys.cfg
File: epstopdf-sys.cfg 2010/07/13 v1.3 Configuration of (r)epstopdf for TeX Live
)) (/usr/share/texlive/texmf-dist/tex/latex/pdflscape/pdflscape.sty
Package: pdflscape 2019/12/05 v0.12 Display of landscape pages in PDF (HO)
 (/usr/share/texlive/texmf-dist/tex/latex/graphics/lscape.sty
Package: lscape 2020/05/28 v3.02 Landscape Pages (DPC)
)
Package pdflscape Info: Auto-detected driver: pdftex on input line 81.
)
LaTeX Info: Redefining \microtypecontext on input line 127.
Package microtype Info: Applying patch `item' on input line 127.
Package microtype Info: Applying patch `toc' on input line 127.
Package microtype Info: Applying patch `eqnum' on input line 127.
Package microtype Info: Applying patch `footnote' on input line 127.
Package microtype Info: Generating PDF output.
Package microtype Info: Character protrusion enabled (level 2).
Package microtype Info: Using default protrusion set `alltext'.
Package microtype Info: Automatic font expansion enabled (level 2),
(microtype)             stretch: 20, shrink: 20, step: 1, non-selected.
Package microtype Info: Using default expansion set `alltext-nott'.
LaTeX Info: Redefining \showhyphens on input line 127.
Package microtype Info: No adjustment of tracking.
Package microtype Info: No adjustment of interword spacing.
Package microtype Info: No adjustment of character kerning.
 (/usr/share/texlive/texmf-dist/tex/latex/microtype/mt-cmr.cfg
File: mt-cmr.cfg 2013/05/19 v2.2 microtype config. file: Computer Modern Roman (RS)
) (/usr/share/texlive/texmf-dist/tex/latex/translations/translations-basic-dictionary-english.trsl
File: translations-basic-dictionary-english.trsl (english translation file `translations-basic-dictionary')
)
Package translations Info: loading dictionary `translations-basic-dictionary' for `english'. on input line 127.
Package hyperref Info: Link coloring ON on input line 127.
 (/usr/share/texlive/texmf-dist/tex/latex/hyperref/nameref.sty
Package: nameref 2021-04-02 v2.47 Cross-referencing by name of section
 (/usr/share/texlive/texmf-dist/tex/latex/refcount/refcount.sty
Package: refcount 2019/12/15 v3.6 Data extraction from label references (HO)
) (/usr/share/texlive/texmf-dist/tex/generic/gettitlestring/gettitlestring.sty
Package: gettitlestring 2019/12/15 v1.6 Cleanup title references (HO)
)
\c@section@level=\count336
)
LaTeX Info: Redefining \ref on input line 127.
LaTeX Info: Redefining \pageref on input line 127.
LaTeX Info: Redefining \nameref on input line 127.
 (build/report.out) (build/report.out)
\@outlinefile=\write3
\openout3 = `report.out'.

 (./frontmatter/title_page.tex

pdfTeX warning: pdflatex (file ./frontmatter/./figures//SU_logo_RGB_without_slogan.pdf): PDF inclusion: found PDF version <1.6>, but at most version <1.5> allowed
<frontmatter/./figures//SU_logo_RGB_without_slogan.pdf, id=482, 441.01764pt x 506.96803pt>
File: frontmatter/./figures//SU_logo_RGB_without_slogan.pdf Graphic file (type pdf)
<use frontmatter/./figures//SU_logo_RGB_without_slogan.pdf>
Package pdftex.def Info: frontmatter/./figures//SU_logo_RGB_without_slogan.pdf  used on input line 7.
(pdftex.def)             Requested size: 227.62204pt x 261.66002pt.
LaTeX Font Info:    Trying to load font information for OT1+lmss on input line 12.
(/usr/share/texmf/tex/latex/lm/ot1lmss.fd
File: ot1lmss.fd 2009/10/30 v1.6 Font defs for Latin Modern
)
Package microtype Info: Loading generic protrusion settings for font family
(microtype)             `lmss' (encoding: OT1).
(microtype)             For optimal results, create family-specific settings.
(microtype)             See the microtype manual for details.
 [1

{/var/lib/texmf/fonts/map/pdftex/updmap/pdftex.map} <./frontmatter/./figures//SU_logo_RGB_without_slogan.pdf>]) (./frontmatter/acknowledgements.tex
LaTeX Font Info:    Trying to load font information for TS1+lmr on input line 7.
 (/usr/share/texmf/tex/latex/lm/ts1lmr.fd
File: ts1lmr.fd 2009/10/30 v1.6 Font defs for Latin Modern
))

pdfTeX warning: pdflatex (file ./frontmatter/docs/plagiarism_signed.pdf): PDF inclusion: found PDF version <1.7>, but at most version <1.5> allowed
<frontmatter/docs/plagiarism_signed.pdf, id=504, 597.55246pt x 845.07724pt>
File: frontmatter/docs/plagiarism_signed.pdf Graphic file (type pdf)
<use frontmatter/docs/plagiarism_signed.pdf>
Package pdftex.def Info: frontmatter/docs/plagiarism_signed.pdf  used on input line 133.
(pdftex.def)             Requested size: 597.551pt x 845.07518pt.


pdfTeX warning: pdflatex (file ./frontmatter/docs/plagiarism_signed.pdf): PDF inclusion: found PDF version <1.7>, but at most version <1.5> allowed
File: frontmatter/docs/plagiarism_signed.pdf Graphic file (type pdf)
<use frontmatter/docs/plagiarism_signed.pdf>
Package pdftex.def Info: frontmatter/docs/plagiarism_signed.pdf  used on input line 133.
(pdftex.def)             Requested size: 597.551pt x 845.07518pt.


pdfTeX warning: pdflatex (file ./frontmatter/docs/plagiarism_signed.pdf): PDF inclusion: found PDF version <1.7>, but at most version <1.5> allowed


pdfTeX warning: pdflatex (file ./frontmatter/docs/plagiarism_signed.pdf): PDF inclusion: found PDF version <1.7>, but at most version <1.5> allowed
<frontmatter/docs/plagiarism_signed.pdf, id=507, page=1, 597.55246pt x 845.07724pt>
File: frontmatter/docs/plagiarism_signed.pdf Graphic file (type pdf)
<use frontmatter/docs/plagiarism_signed.pdf, page 1>
Package pdftex.def Info: frontmatter/docs/plagiarism_signed.pdf , page1 used on input line 133.
(pdftex.def)             Requested size: 597.551pt x 845.07518pt.
File: frontmatter/docs/plagiarism_signed.pdf Graphic file (type pdf)
<use frontmatter/docs/plagiarism_signed.pdf, page 1>
Package pdftex.def Info: frontmatter/docs/plagiarism_signed.pdf , page1 used on input line 133.
(pdftex.def)             Requested size: 597.551pt x 845.07518pt.
pdfTeX warning (ext4): destination with the same identifier (name{page.A}) has been already used, duplicate ignored
<to be read again> 
                   \relax 
l.133 ...=1.0]{frontmatter/docs/plagiarism_signed}
                                                   [1

]
File: frontmatter/docs/plagiarism_signed.pdf Graphic file (type pdf)
<use frontmatter/docs/plagiarism_signed.pdf, page 1>
Package pdftex.def Info: frontmatter/docs/plagiarism_signed.pdf , page1 used on input line 133.
(pdftex.def)             Requested size: 597.551pt x 845.07518pt.
File: frontmatter/docs/plagiarism_signed.pdf Graphic file (type pdf)
<use frontmatter/docs/plagiarism_signed.pdf, page 1>
Package pdftex.def Info: frontmatter/docs/plagiarism_signed.pdf , page1 used on input line 133.
(pdftex.def)             Requested size: 597.551pt x 845.07518pt.
File: frontmatter/docs/plagiarism_signed.pdf Graphic file (type pdf)
<use frontmatter/docs/plagiarism_signed.pdf, page 1>
Package pdftex.def Info: frontmatter/docs/plagiarism_signed.pdf , page1 used on input line 133.
(pdftex.def)             Requested size: 597.551pt x 845.07518pt.
 [2 <./frontmatter/docs/plagiarism_signed.pdf>] (build/report.toc
LaTeX Font Info:    Trying to load font information for OML+lmm on input line 9.
 (/usr/share/texmf/tex/latex/lm/omllmm.fd
File: omllmm.fd 2009/10/30 v1.6 Font defs for Latin Modern
)
LaTeX Font Info:    Trying to load font information for OMS+lmsy on input line 9.
 (/usr/share/texmf/tex/latex/lm/omslmsy.fd
File: omslmsy.fd 2009/10/30 v1.6 Font defs for Latin Modern
)
LaTeX Font Info:    Trying to load font information for OMX+lmex on input line 9.
 (/usr/share/texmf/tex/latex/lm/omxlmex.fd
File: omxlmex.fd 2009/10/30 v1.6 Font defs for Latin Modern
)
LaTeX Font Info:    External font `lmex10' loaded for size
(Font)              <12> on input line 9.
LaTeX Font Info:    External font `lmex10' loaded for size
(Font)              <8> on input line 9.
LaTeX Font Info:    External font `lmex10' loaded for size
(Font)              <6> on input line 9.
LaTeX Font Info:    Trying to load font information for U+msa on input line 9.
 (/usr/share/texlive/texmf-dist/tex/latex/amsfonts/umsa.fd
File: umsa.fd 2013/01/14 v3.01 AMS symbols A
) (/usr/share/texlive/texmf-dist/tex/latex/microtype/mt-msa.cfg
File: mt-msa.cfg 2006/02/04 v1.1 microtype config. file: AMS symbols (a) (RS)
)
LaTeX Font Info:    Trying to load font information for U+msb on input line 9.
 (/usr/share/texlive/texmf-dist/tex/latex/amsfonts/umsb.fd
File: umsb.fd 2013/01/14 v3.01 AMS symbols B
) (/usr/share/texlive/texmf-dist/tex/latex/microtype/mt-msb.cfg
File: mt-msb.cfg 2005/06/01 v1.0 microtype config. file: AMS symbols (b) (RS)
) [1

] [2] [3])
\tf@toc=\write4
\openout4 = `report.toc'.

 [4] (build/report.lof [5

] [6])
\tf@lof=\write5
\openout5 = `report.lof'.

 [7] (build/report.lot)
\tf@lot=\write6
\openout6 = `report.lot'.

 (./frontmatter/nomenclature.tex [8

]) (./frontmatter/abstract.tex [9

]) [10

] (./content/content.tex
Chapter 1.
(./content/introduction/overview.tex
<content/introduction/./figures/balloonSat.png, id=1091, 451.6875pt x 301.125pt>
File: content/introduction/./figures/balloonSat.png Graphic file (type png)
<use content/introduction/./figures/balloonSat.png>
Package pdftex.def Info: content/introduction/./figures/balloonSat.png  used on input line 12.
(pdftex.def)             Requested size: 211.91782pt x 141.28064pt.
<content/introduction/./figures/pq_enclosure.png, id=1095, 815.29594pt x 462.97969pt>
File: content/introduction/./figures/pq_enclosure.png Graphic file (type png)
<use content/introduction/./figures/pq_enclosure.png>
Package pdftex.def Info: content/introduction/./figures/pq_enclosure.png  used on input line 18.
(pdftex.def)             Requested size: 220.8426pt x 125.40886pt.
) (./content/introduction/problem_statement.tex [1

 <./content/introduction/./figures/balloonSat.png> <./content/introduction/./figures/pq_enclosure.png>]
<content/introduction/./figures//balloon_path_3d.png, id=1105, 779.16093pt x 456.20438pt>
File: content/introduction/./figures//balloon_path_3d.png Graphic file (type png)
<use content/introduction/./figures//balloon_path_3d.png>
Package pdftex.def Info: content/introduction/./figures//balloon_path_3d.png  used on input line 9.
(pdftex.def)             Requested size: 327.7763pt x 191.91081pt.
) (./content/introduction/requirements.tex [2 <./content/introduction/./figures//balloon_path_3d.png>]) (./content/introduction/specifications.tex [3]) [4]
Chapter 2.
(./content/background/pocketqube.tex) (./content/background/satellite_tracking.tex
<content/background/./figures//pq_backplane.png, id=1158, 790.45313pt x 352.31625pt>
File: content/background/./figures//pq_backplane.png Graphic file (type png)
<use content/background/./figures//pq_backplane.png>
Package pdftex.def Info: content/background/./figures//pq_backplane.png  used on input line 6.
(pdftex.def)             Requested size: 218.60971pt x 97.4383pt.
<content/background/./figures//gps_relay.png, id=1161, 361.35pt x 361.35pt>
File: content/background/./figures//gps_relay.png Graphic file (type png)
<use content/background/./figures//gps_relay.png>
Package pdftex.def Info: content/background/./figures//gps_relay.png  used on input line 12.
(pdftex.def)             Requested size: 144.9955pt x 144.99507pt.
 [5

 <./content/background/./figures//pq_backplane.png> <./content/background/./figures//gps_relay.png>] [6]) (./content/background/antennas.tex
<content/background/./figures/dipole_geometry.png, id=1184, 602.25pt x 296.60812pt>
File: content/background/./figures/dipole_geometry.png Graphic file (type png)
<use content/background/./figures/dipole_geometry.png>
Package pdftex.def Info: content/background/./figures/dipole_geometry.png  used on input line 15.
(pdftex.def)             Requested size: 178.45836pt x 87.89238pt.
<content/background/./figures/dipole_pattern.png, id=1185, 487.06969pt x 294.34969pt>
File: content/background/./figures/dipole_pattern.png Graphic file (type png)
<use content/background/./figures/dipole_pattern.png>
Package pdftex.def Info: content/background/./figures/dipole_pattern.png  used on input line 21.
(pdftex.def)             Requested size: 133.84462pt x 80.88577pt.
 [7 <./content/background/./figures/dipole_geometry.png> <./content/background/./figures/dipole_pattern.png>]
<content/background/./figures/whip.png, id=1198, 301.125pt x 301.125pt>
File: content/background/./figures/whip.png Graphic file (type png)
<use content/background/./figures/whip.png>
Package pdftex.def Info: content/background/./figures/whip.png  used on input line 37.
(pdftex.def)             Requested size: 133.84462pt x 133.85086pt.
<content/background/./figures/helical_uni.jpg, id=1199, 564.1075pt x 551.05875pt>
File: content/background/./figures/helical_uni.jpg Graphic file (type jpg)
<use content/background/./figures/helical_uni.jpg>
Package pdftex.def Info: content/background/./figures/helical_uni.jpg  used on input line 43.
(pdftex.def)             Requested size: 133.84462pt x 130.74327pt.
 [8 <./content/background/./figures/whip.png> <./content/background/./figures/helical_uni.jpg>]
<content/background/./figures/yagi.jpg, id=1214, 702.625pt x 468.75125pt>
File: content/background/./figures/yagi.jpg Graphic file (type jpg)
<use content/background/./figures/yagi.jpg>
Package pdftex.def Info: content/background/./figures/yagi.jpg  used on input line 64.
(pdftex.def)             Requested size: 178.45836pt x 119.05434pt.
<content/background/./figures/invertedF.png, id=1217, 4028.29968pt x 2105.61656pt>
File: content/background/./figures/invertedF.png Graphic file (type png)
<use content/background/./figures/invertedF.png>
Package pdftex.def Info: content/background/./figures/invertedF.png  used on input line 70.
(pdftex.def)             Requested size: 178.45836pt x 93.2707pt.
 [9 <./content/background/./figures/yagi.jpg> <./content/background/./figures/invertedF.png>]) (./content/background/telecommunication.tex
Overfull \hbox (1.04968pt too wide) in paragraph at lines 14--15
[]|\OT1/lmr/m/n/12 (-20) Amplitudes| 
 []


Overfull \hbox (1.19112pt too wide) in paragraph at lines 18--19
[]|\OT1/lmr/m/n/12 (-20) Frequencies| 
 []


Underfull \hbox (badness 10000) in paragraph at lines 21--22
[]|\OT1/lmr/m/n/12 (+20) Phase Shift
 []


Underfull \hbox (badness 10000) in paragraph at lines 22--23
[]|\OT1/lmr/m/n/12 (+20) Phase
 []


Underfull \hbox (badness 10000) in paragraph at lines 26--27
\OT1/lmr/m/n/12 (+20) Phase
 []


Underfull \hbox (badness 10000) in paragraph at lines 29--30
[]|\OT1/lmr/m/n/12 (+20) LoRa (``Long-
 []


Underfull \hbox (badness 10000) in paragraph at lines 29--30
\OT1/lmr/m/n/12 (+20) Range")
 []


Underfull \hbox (badness 10000) in paragraph at lines 30--31
[]|\OT1/lmr/m/n/12 (+20) Frequency-
 []


Underfull \hbox (badness 10000) in paragraph at lines 30--31
\OT1/lmr/m/n/12 (+20) varying
 []


Overfull \hbox (25.98463pt too wide) in paragraph at lines 9--34
 []|  [] 
 []

[10]) [11]
Chapter 3.
(./content/system_design/high_level_system.tex
<content/system_design/./figures/complete_system.png, id=1262, 794.97pt x 548.0475pt>
File: content/system_design/./figures/complete_system.png Graphic file (type png)
<use content/system_design/./figures/complete_system.png>
Package pdftex.def Info: content/system_design/./figures/complete_system.png  used on input line 9.
(pdftex.def)             Requested size: 341.43307pt x 235.38823pt.
 [12

 <./content/system_design/./figures/complete_system.png>]) (./content/system_design/ground_station.tex
<content/system_design/./figures/gs_system.png, id=1272, 1156.32pt x 601.4972pt>
File: content/system_design/./figures/gs_system.png Graphic file (type png)
<use content/system_design/./figures/gs_system.png>
Package pdftex.def Info: content/system_design/./figures/gs_system.png  used on input line 7.
(pdftex.def)             Requested size: 446.13727pt x 232.06816pt.
 [13]) (./content/system_design/pq_unit.tex [14 <./content/system_design/./figures/gs_system.png>]
<content/system_design/./figures/pqunit_system.png, id=1287, 759.58781pt x 584.1825pt>
File: content/system_design/./figures/pqunit_system.png Graphic file (type png)
<use content/system_design/./figures/pqunit_system.png>
Package pdftex.def Info: content/system_design/./figures/pqunit_system.png  used on input line 7.
(pdftex.def)             Requested size: 273.14923pt x 210.07378pt.
) [15 <./content/system_design/./figures/pqunit_system.png>]
Chapter 4.
(./content/detailed_design/component_selection.tex [16

] [17]) (./content/detailed_design/ground_station_pcb.tex [18]) (./content/detailed_design/pq_unit_pcb.tex [19]
<content/detailed_design/./figures/pqunit_pcb_design_front.png, id=1325, 595.47469pt x 579.66562pt>
File: content/detailed_design/./figures/pqunit_pcb_design_front.png Graphic file (type png)
<use content/detailed_design/./figures/pqunit_pcb_design_front.png>
Package pdftex.def Info: content/detailed_design/./figures/pqunit_pcb_design_front.png  used on input line 7.
(pdftex.def)             Requested size: 198.94392pt x 193.66069pt.
<content/detailed_design/./figures/pqunit_pcb_design_back.png, id=1326, 587.19376pt x 575.90157pt>
File: content/detailed_design/./figures/pqunit_pcb_design_back.png Graphic file (type png)
<use content/detailed_design/./figures/pqunit_pcb_design_back.png>
Package pdftex.def Info: content/detailed_design/./figures/pqunit_pcb_design_back.png  used on input line 13.
(pdftex.def)             Requested size: 198.94392pt x 195.11852pt.
) (./content/detailed_design/link_budget.tex [20 <./content/detailed_design/./figures/pqunit_pcb_design_front.png> <./content/detailed_design/./figures/pqunit_pcb_design_back.png>]
Overfull \hbox (14.65747pt too wide) in paragraph at lines 23--31
 [][] 
 []

) (./content/detailed_design/ground_station_antenna.tex [21] [22] [23]
<content/detailed_design/./figures/helix3_pattern_405MHz.png, id=1366, 383.93437pt x 376.40625pt>
File: content/detailed_design/./figures/helix3_pattern_405MHz.png Graphic file (type png)
<use content/detailed_design/./figures/helix3_pattern_405MHz.png>
Package pdftex.def Info: content/detailed_design/./figures/helix3_pattern_405MHz.png  used on input line 46.
(pdftex.def)             Requested size: 163.8864pt x 160.6741pt.
LaTeX Font Info:    External font `lmex10' loaded for size
(Font)              <10.95> on input line 47.
<content/detailed_design/./figures/helix2_pattern_405MHz.png, id=1367, 369.63094pt x 451.6875pt>
File: content/detailed_design/./figures/helix2_pattern_405MHz.png Graphic file (type png)
<use content/detailed_design/./figures/helix2_pattern_405MHz.png>
Package pdftex.def Info: content/detailed_design/./figures/helix2_pattern_405MHz.png  used on input line 52.
(pdftex.def)             Requested size: 131.11046pt x 160.21577pt.
<content/detailed_design/./figures/helix3_impedance.png, id=1368, 433.62pt x 361.35pt>
File: content/detailed_design/./figures/helix3_impedance.png Graphic file (type png)
<use content/detailed_design/./figures/helix3_impedance.png>
Package pdftex.def Info: content/detailed_design/./figures/helix3_impedance.png  used on input line 61.
(pdftex.def)             Requested size: 223.07211pt x 185.89607pt.
<content/detailed_design/./figures/helix4_impedance.png, id=1369, 433.62pt x 361.35pt>
File: content/detailed_design/./figures/helix4_impedance.png Graphic file (type png)
<use content/detailed_design/./figures/helix4_impedance.png>
Package pdftex.def Info: content/detailed_design/./figures/helix4_impedance.png  used on input line 67.
(pdftex.def)             Requested size: 223.07211pt x 185.89607pt.
<content/detailed_design/./figures/helix5_pattern_405MHz.png, id=1370, 387.69844pt x 543.53062pt>
File: content/detailed_design/./figures/helix5_pattern_405MHz.png Graphic file (type png)
<use content/detailed_design/./figures/helix5_pattern_405MHz.png>
Package pdftex.def Info: content/detailed_design/./figures/helix5_pattern_405MHz.png  used on input line 76.
(pdftex.def)             Requested size: 111.53606pt x 156.36751pt.
<content/detailed_design/./figures/helix6_pattern_405MHz.png, id=1371, 402.00188pt x 357.58594pt>
File: content/detailed_design/./figures/helix6_pattern_405MHz.png Graphic file (type png)
<use content/detailed_design/./figures/helix6_pattern_405MHz.png>
Package pdftex.def Info: content/detailed_design/./figures/helix6_pattern_405MHz.png  used on input line 82.
(pdftex.def)             Requested size: 189.61266pt x 168.66014pt.
 [24 <./content/detailed_design/./figures/helix3_pattern_405MHz.png> <./content/detailed_design/./figures/helix2_pattern_405MHz.png>] [25 <./content/detailed_design/./figures/helix3_impedance.png> <./content/detailed_design/./figures/helix4_impedance.png> <./content/detailed_design/./figures/helix5_pattern_405MHz.png> <./content/detailed_design/./figures/helix6_pattern_405MHz.png>]
<content/detailed_design/./figures/helix7_model.png, id=1394, 365.11406pt x 300.3722pt>
File: content/detailed_design/./figures/helix7_model.png Graphic file (type png)
<use content/detailed_design/./figures/helix7_model.png>
Package pdftex.def Info: content/detailed_design/./figures/helix7_model.png  used on input line 103.
(pdftex.def)             Requested size: 172.98956pt x 142.31618pt.
<content/detailed_design/./figures/helix7_returnLoss.png, id=1395, 433.62pt x 361.35pt>
File: content/detailed_design/./figures/helix7_returnLoss.png Graphic file (type png)
<use content/detailed_design/./figures/helix7_returnLoss.png>
Package pdftex.def Info: content/detailed_design/./figures/helix7_returnLoss.png  used on input line 109.
(pdftex.def)             Requested size: 237.63655pt x 198.03185pt.
) (./content/detailed_design/pq_unit_antenna.tex [26 <./content/detailed_design/./figures/helix7_model.png> <./content/detailed_design/./figures/helix7_returnLoss.png>]
<content/detailed_design/./figures/dipole1_modelMesh.png, id=1406, 577.40718pt x 455.45157pt>
File: content/detailed_design/./figures/dipole1_modelMesh.png Graphic file (type png)
<use content/detailed_design/./figures/dipole1_modelMesh.png>
Package pdftex.def Info: content/detailed_design/./figures/dipole1_modelMesh.png  used on input line 13.
(pdftex.def)             Requested size: 164.3447pt x 129.6313pt.
<content/detailed_design/./figures/dipole1_returnLoss.png, id=1407, 433.62pt x 361.35pt>
File: content/detailed_design/./figures/dipole1_returnLoss.png Graphic file (type png)
<use content/detailed_design/./figures/dipole1_returnLoss.png>
Package pdftex.def Info: content/detailed_design/./figures/dipole1_returnLoss.png  used on input line 19.
(pdftex.def)             Requested size: 245.83263pt x 204.86337pt.
) (./content/detailed_design/software.tex [27 <./content/detailed_design/./figures/dipole1_modelMesh.png> <./content/detailed_design/./figures/dipole1_returnLoss.png>]
<content/detailed_design/./figures/trackingAlgorithm.png, id=1420, 835.62187pt x 565.36218pt>
File: content/detailed_design/./figures/trackingAlgorithm.png Graphic file (type png)
<use content/detailed_design/./figures/trackingAlgorithm.png>
Package pdftex.def Info: content/detailed_design/./figures/trackingAlgorithm.png  used on input line 13.
(pdftex.def)             Requested size: 446.13727pt x 301.84897pt.
) [28 <./content/detailed_design/./figures/trackingAlgorithm.png>]
Chapter 5.
(./content/implementation/ground_station_pcb.tex
<content/implementation/./figures/groundStationPCB.png, id=1428, 3011.25pt x 2948.01375pt>
File: content/implementation/./figures/groundStationPCB.png Graphic file (type png)
<use content/implementation/./figures/groundStationPCB.png>
Package pdftex.def Info: content/implementation/./figures/groundStationPCB.png  used on input line 10.
(pdftex.def)             Requested size: 156.1498pt x 152.85226pt.
<content/implementation/./figures/gsAntennaOriginal.jpg, id=1429, 4015.0pt x 3011.25pt>
File: content/implementation/./figures/gsAntennaOriginal.jpg Graphic file (type jpg)
<use content/implementation/./figures/gsAntennaOriginal.jpg>
Package pdftex.def Info: content/implementation/./figures/gsAntennaOriginal.jpg  used on input line 16.
(pdftex.def)             Requested size: 189.61266pt x 142.2088pt.
) (./content/implementation/ground_station_antenna.tex
<content/implementation/./figures/gsTripod.jpg, id=1432, 1204.5pt x 837.1275pt>
File: content/implementation/./figures/gsTripod.jpg Graphic file (type jpg)
<use content/implementation/./figures/gsTripod.jpg>
Package pdftex.def Info: content/implementation/./figures/gsTripod.jpg  used on input line 10.
(pdftex.def)             Requested size: 211.91782pt x 147.27869pt.
<content/implementation/./figures/pqUnitPCB.jpg, id=1433, 3997.93625pt x 2998.20125pt>
File: content/implementation/./figures/pqUnitPCB.jpg Graphic file (type jpg)
<use content/implementation/./figures/pqUnitPCB.jpg>
Package pdftex.def Info: content/implementation/./figures/pqUnitPCB.jpg  used on input line 16.
(pdftex.def)             Requested size: 189.61266pt x 142.18729pt.
) (./content/implementation/pq_unit_pcb.tex) (./content/implementation/pq_unit_antenna.tex [29

 <./content/implementation/./figures/groundStationPCB.png> <./content/implementation/./figures/gsAntennaOriginal.jpg>]) (./content/implementation/software.tex
<content/implementation/./figures/pqAntenna.jpeg, id=1444, 1123.19624pt x 487.06969pt>
File: content/implementation/./figures/pqAntenna.jpeg Graphic file (type jpg)
<use content/implementation/./figures/pqAntenna.jpeg>
Package pdftex.def Info: content/implementation/./figures/pqAntenna.jpeg  used on input line 6.
(pdftex.def)             Requested size: 184.37135pt x 79.94682pt.
<content/implementation/./figures/stepperTiming.png, id=1445, 838.63312pt x 426.09187pt>
File: content/implementation/./figures/stepperTiming.png Graphic file (type png)
<use content/implementation/./figures/stepperTiming.png>
Package pdftex.def Info: content/implementation/./figures/stepperTiming.png  used on input line 12.
(pdftex.def)             Requested size: 218.60971pt x 111.06734pt.
LaTeX Font Info:    Trying to load font information for OT1+lmtt on input line 19.
 (/usr/share/texmf/tex/latex/lm/ot1lmtt.fd
File: ot1lmtt.fd 2009/10/30 v1.6 Font defs for Latin Modern
)
Package microtype Info: Loading generic protrusion settings for font family
(microtype)             `lmtt' (encoding: OT1).
(microtype)             For optimal results, create family-specific settings.
(microtype)             See the microtype manual for details.
 [30 <./content/implementation/./figures/gsTripod.jpg> <./content/implementation/./figures/pqUnitPCB.jpg>]) [31 <./content/implementation/./figures/pqAntenna.jpeg> <./content/implementation/./figures/stepperTiming.png>]
Chapter 6.
(./content/testing/ground_station_pcb.tex
Overfull \hbox (1.34972pt too wide) in paragraph at lines 31--31
[]|\OT1/lmr/bx/n/12 (-20) Test
 []

) (./content/testing/pq_unit_pcb.tex [32

]) (./content/testing/ground_station_antenna.tex [33]
<content/testing/./figures/helicalReturnLoss.png, id=1476, 394.5942pt x 271.7352pt>
File: content/testing/./figures/helicalReturnLoss.png Graphic file (type png)
<use content/testing/./figures/helicalReturnLoss.png>
Package pdftex.def Info: content/testing/./figures/helicalReturnLoss.png  used on input line 11.
(pdftex.def)             Requested size: 223.07211pt x 153.62187pt.
<content/testing/./figures/dipoleReturnLoss.png, id=1477, 394.5942pt x 271.7352pt>
File: content/testing/./figures/dipoleReturnLoss.png Graphic file (type png)
<use content/testing/./figures/dipoleReturnLoss.png>
Package pdftex.def Info: content/testing/./figures/dipoleReturnLoss.png  used on input line 17.
(pdftex.def)             Requested size: 223.07211pt x 153.62187pt.
) (./content/testing/pq_unit_antenna.tex) (./content/testing/radio_communication.tex [34 <./content/testing/./figures/helicalReturnLoss.png> <./content/testing/./figures/dipoleReturnLoss.png>]
<content/testing/./figures/txPower.png, id=1488, 394.5942pt x 271.0125pt>
File: content/testing/./figures/txPower.png Graphic file (type png)
<use content/testing/./figures/txPower.png>
Package pdftex.def Info: content/testing/./figures/txPower.png  used on input line 16.
(pdftex.def)             Requested size: 211.91782pt x 145.55058pt.

Overfull \hbox (0.65628pt too wide) in paragraph at lines 25--25
[]|\OT1/lmr/bx/n/12 (-20) Spreading
 []


Underfull \hbox (badness 10000) in paragraph at lines 25--25
[]|\OT1/lmr/bx/n/12 (+20) Theoretical
 []


Underfull \hbox (badness 10000) in paragraph at lines 25--25
\OT1/lmr/bx/n/12 (+20) Bit Rate
 []


Underfull \hbox (badness 10000) in paragraph at lines 25--26
[]|\OT1/lmr/bx/n/12 (+20) Measured
 []


Underfull \hbox (badness 10000) in paragraph at lines 25--26
\OT1/lmr/bx/n/12 (+20) Bit Rate
 []


Overfull \hbox (13.69713pt too wide) in paragraph at lines 23--33
 [][] 
 []

) (./content/testing/gui.tex
<content/testing/./figures/guiOpenLoop.png, id=1491, 578.91281pt x 169.38281pt>
File: content/testing/./figures/guiOpenLoop.png Graphic file (type png)
<use content/testing/./figures/guiOpenLoop.png>
Package pdftex.def Info: content/testing/./figures/guiOpenLoop.png  used on input line 9.
(pdftex.def)             Requested size: 455.24411pt x 133.1984pt.
) (./content/testing/range.tex [35 <./content/testing/./figures/txPower.png> <./content/testing/./figures/guiOpenLoop.png>]
<content/testing/./figures/rangeRssi.png, id=1501, 398.2077pt x 274.626pt>
File: content/testing/./figures/rangeRssi.png Graphic file (type png)
<use content/testing/./figures/rangeRssi.png>
Package pdftex.def Info: content/testing/./figures/rangeRssi.png  used on input line 12.
(pdftex.def)             Requested size: 220.8426pt x 152.30608pt.
<content/testing/./figures/rangeSnr.png, id=1502, 394.5942pt x 273.1806pt>
File: content/testing/./figures/rangeSnr.png Graphic file (type png)
<use content/testing/./figures/rangeSnr.png>
Package pdftex.def Info: content/testing/./figures/rangeSnr.png  used on input line 18.
(pdftex.def)             Requested size: 220.8426pt x 152.89671pt.
) (./content/testing/tracking.tex [36 <./content/testing/./figures/rangeRssi.png> <./content/testing/./figures/rangeSnr.png>]
<content/testing/./figures/gpsTrackingMap.png, id=1515, 596.2275pt x 533.74406pt>
File: content/testing/./figures/gpsTrackingMap.png Graphic file (type png)
<use content/testing/./figures/gpsTrackingMap.png>
Package pdftex.def Info: content/testing/./figures/gpsTrackingMap.png  used on input line 15.
(pdftex.def)             Requested size: 211.91782pt x 189.70442pt.
<content/testing/./figures/radiosondeSpectrum.png, id=1516, 656.4525pt x 363.60844pt>
File: content/testing/./figures/radiosondeSpectrum.png Graphic file (type png)
<use content/testing/./figures/radiosondeSpectrum.png>
Package pdftex.def Info: content/testing/./figures/radiosondeSpectrum.png  used on input line 21.
(pdftex.def)             Requested size: 223.07211pt x 123.55865pt.
) (./content/testing/radiosonde.tex [37 <./content/testing/./figures/gpsTrackingMap.png> <./content/testing/./figures/radiosondeSpectrum.png>]) (./content/testing/full_system.tex
<content/testing/./figures/radiosondePredictedVsActual.png, id=1527, 533.74406pt x 507.39563pt>
File: content/testing/./figures/radiosondePredictedVsActual.png Graphic file (type png)
<use content/testing/./figures/radiosondePredictedVsActual.png>
Package pdftex.def Info: content/testing/./figures/radiosondePredictedVsActual.png  used on input line 10.
(pdftex.def)             Requested size: 178.45218pt x 169.63986pt.

Underfull \hbox (badness 6477) in paragraph at lines 11--11
[]\OT1/lmss/bx/n/10.95 (+20) Figure 6.10: |\OT1/lmr/m/n/10.95 (+20) Ra-diosonde
 []


Underfull \hbox (badness 10000) in paragraph at lines 11--11
\OT1/lmr/m/n/10.95 (+20) Closed-Loop Track-ing Pre-
 []

<content/testing/./figures/radiosondeSnr.png, id=1528, 394.5942pt x 274.626pt>
File: content/testing/./figures/radiosondeSnr.png Graphic file (type png)
<use content/testing/./figures/radiosondeSnr.png>
Package pdftex.def Info: content/testing/./figures/radiosondeSnr.png  used on input line 16.
(pdftex.def)             Requested size: 267.68507pt x 186.31158pt.

Overfull \hbox (2.61105pt too wide) in paragraph at lines 8--20
[]$[]$ $[]$ 
 []

) [38 <./content/testing/./figures/radiosondePredictedVsActual.png> <./content/testing/./figures/radiosondeSnr.png>]
Chapter 7.
(./content/conclusion/summary.tex) (./content/conclusion/future_work.tex [39

])) (build/report.bbl [40] [41

] [42]) (./endmatter/appendix.tex (./endmatter/appendix/projectPlanning.tex [43]
Appendix A.

Overfull \hbox (4.66866pt too wide) in paragraph at lines 8--27
 [][] 
 []

) (./endmatter/appendix/outcomesCompliance.tex [44

]
Appendix B.

Underfull \hbox (badness 4072) in paragraph at lines 12--12
[]|\OT1/lmr/m/n/12 (+20) Chapters 1, 3
 []


Overfull \hbox (9.14719pt too wide) in paragraph at lines 6--23
 [][] 
 []


Underfull \hbox (badness 3646) in paragraph at lines 34--34
\OT1/lmr/bx/n/12 (+20) In-for-ma-tion Tech-
 []


Underfull \hbox (badness 4072) in paragraph at lines 36--36
[]|\OT1/lmr/m/n/12 (+20) Chapters 4, 5
 []


Underfull \hbox (badness 2080) in paragraph at lines 37--37
[]|\OT1/lmr/bx/n/12 (+20) ELO 6. Pro-fes-
 []


Overfull \hbox (9.14719pt too wide) in paragraph at lines 30--47
 [][] 
 []

[45

] [46]) (./endmatter/appendix/references.tex

pdfTeX warning: pdflatex (file ./endmatter//docs/pqsu.pdf): PDF inclusion: found PDF version <1.7>, but at most version <1.5> allowed
<endmatter//docs/pqsu.pdf, id=1616, 597.55246pt x 845.07718pt>
File: endmatter//docs/pqsu.pdf Graphic file (type pdf)
<use endmatter//docs/pqsu.pdf>
Package pdftex.def Info: endmatter//docs/pqsu.pdf  used on input line 2.
(pdftex.def)             Requested size: 597.551pt x 845.07512pt.


pdfTeX warning: pdflatex (file ./endmatter//docs/pqsu.pdf): PDF inclusion: found PDF version <1.7>, but at most version <1.5> allowed
File: endmatter//docs/pqsu.pdf Graphic file (type pdf)
<use endmatter//docs/pqsu.pdf>
Package pdftex.def Info: endmatter//docs/pqsu.pdf  used on input line 2.
(pdftex.def)             Requested size: 597.551pt x 845.07512pt.


pdfTeX warning: pdflatex (file ./endmatter//docs/pqsu.pdf): PDF inclusion: found PDF version <1.7>, but at most version <1.5> allowed


pdfTeX warning: pdflatex (file ./endmatter//docs/pqsu.pdf): PDF inclusion: found PDF version <1.7>, but at most version <1.5> allowed
<endmatter//docs/pqsu.pdf, id=1619, page=1, 597.55246pt x 845.07718pt>
File: endmatter//docs/pqsu.pdf Graphic file (type pdf)
<use endmatter//docs/pqsu.pdf, page 1>
Package pdftex.def Info: endmatter//docs/pqsu.pdf , page1 used on input line 2.
(pdftex.def)             Requested size: 597.551pt x 845.07512pt.
File: endmatter//docs/pqsu.pdf Graphic file (type pdf)
<use endmatter//docs/pqsu.pdf, page 1>
Package pdftex.def Info: endmatter//docs/pqsu.pdf , page1 used on input line 2.
(pdftex.def)             Requested size: 478.04262pt x 676.06267pt.
File: endmatter//docs/pqsu.pdf Graphic file (type pdf)
<use endmatter//docs/pqsu.pdf, page 1>
Package pdftex.def Info: endmatter//docs/pqsu.pdf , page1 used on input line 2.
(pdftex.def)             Requested size: 478.04262pt x 676.06267pt.
File: endmatter//docs/pqsu.pdf Graphic file (type pdf)
<use endmatter//docs/pqsu.pdf, page 1>
Package pdftex.def Info: endmatter//docs/pqsu.pdf , page1 used on input line 2.
(pdftex.def)             Requested size: 478.04262pt x 676.06267pt.
Appendix C.
File: endmatter//docs/pqsu.pdf Graphic file (type pdf)
<use endmatter//docs/pqsu.pdf, page 1>
Package pdftex.def Info: endmatter//docs/pqsu.pdf , page1 used on input line 2.
(pdftex.def)             Requested size: 478.04262pt x 676.06267pt.
[47


 <./endmatter//docs/pqsu.pdf>]

pdfTeX warning: pdflatex (file ./endmatter//docs/suncq.pdf): PDF inclusion: found PDF version <1.7>, but at most version <1.5> allowed
<endmatter//docs/suncq.pdf, id=1665, 597.55246pt x 845.07724pt>
File: endmatter//docs/suncq.pdf Graphic file (type pdf)
<use endmatter//docs/suncq.pdf>
Package pdftex.def Info: endmatter//docs/suncq.pdf  used on input line 3.
(pdftex.def)             Requested size: 597.551pt x 845.07518pt.


pdfTeX warning: pdflatex (file ./endmatter//docs/suncq.pdf): PDF inclusion: found PDF version <1.7>, but at most version <1.5> allowed
File: endmatter//docs/suncq.pdf Graphic file (type pdf)
<use endmatter//docs/suncq.pdf>
Package pdftex.def Info: endmatter//docs/suncq.pdf  used on input line 3.
(pdftex.def)             Requested size: 597.551pt x 845.07518pt.


pdfTeX warning: pdflatex (file ./endmatter//docs/suncq.pdf): PDF inclusion: found PDF version <1.7>, but at most version <1.5> allowed


pdfTeX warning: pdflatex (file ./endmatter//docs/suncq.pdf): PDF inclusion: found PDF version <1.7>, but at most version <1.5> allowed
<endmatter//docs/suncq.pdf, id=1668, page=1, 597.55246pt x 845.07724pt>
File: endmatter//docs/suncq.pdf Graphic file (type pdf)
<use endmatter//docs/suncq.pdf, page 1>
Package pdftex.def Info: endmatter//docs/suncq.pdf , page1 used on input line 3.
(pdftex.def)             Requested size: 597.551pt x 845.07518pt.
File: endmatter//docs/suncq.pdf Graphic file (type pdf)
<use endmatter//docs/suncq.pdf, page 1>
Package pdftex.def Info: endmatter//docs/suncq.pdf , page1 used on input line 3.
(pdftex.def)             Requested size: 507.92198pt x 718.31905pt.
File: endmatter//docs/suncq.pdf Graphic file (type pdf)
<use endmatter//docs/suncq.pdf, page 1>
Package pdftex.def Info: endmatter//docs/suncq.pdf , page1 used on input line 3.
(pdftex.def)             Requested size: 507.92198pt x 718.31905pt.
File: endmatter//docs/suncq.pdf Graphic file (type pdf)
<use endmatter//docs/suncq.pdf, page 1>
Package pdftex.def Info: endmatter//docs/suncq.pdf , page1 used on input line 3.
(pdftex.def)             Requested size: 507.92198pt x 718.31905pt.
File: endmatter//docs/suncq.pdf Graphic file (type pdf)
<use endmatter//docs/suncq.pdf, page 1>
Package pdftex.def Info: endmatter//docs/suncq.pdf , page1 used on input line 3.
(pdftex.def)             Requested size: 507.92198pt x 718.31905pt.
[48 <./endmatter//docs/suncq.pdf>]
File: endmatter//docs/suncq.pdf Graphic file (type pdf)
<use endmatter//docs/suncq.pdf>
Package pdftex.def Info: endmatter//docs/suncq.pdf  used on input line 4.
(pdftex.def)             Requested size: 597.551pt x 845.07518pt.


pdfTeX warning: pdflatex (file ./endmatter//docs/suncq.pdf): PDF inclusion: found PDF version <1.7>, but at most version <1.5> allowed
File: endmatter//docs/suncq.pdf Graphic file (type pdf)
<use endmatter//docs/suncq.pdf>
Package pdftex.def Info: endmatter//docs/suncq.pdf  used on input line 4.
(pdftex.def)             Requested size: 597.551pt x 845.07518pt.


pdfTeX warning: pdflatex (file ./endmatter//docs/suncq.pdf): PDF inclusion: found PDF version <1.7>, but at most version <1.5> allowed


pdfTeX warning: pdflatex (file ./endmatter//docs/suncq.pdf): PDF inclusion: found PDF version <1.7>, but at most version <1.5> allowed
<endmatter//docs/suncq.pdf, id=1726, page=2, 597.55246pt x 845.07724pt>
File: endmatter//docs/suncq.pdf Graphic file (type pdf)
<use endmatter//docs/suncq.pdf, page 2>
Package pdftex.def Info: endmatter//docs/suncq.pdf , page2 used on input line 4.
(pdftex.def)             Requested size: 597.551pt x 845.07518pt.
File: endmatter//docs/suncq.pdf Graphic file (type pdf)
<use endmatter//docs/suncq.pdf, page 2>
Package pdftex.def Info: endmatter//docs/suncq.pdf , page2 used on input line 4.
(pdftex.def)             Requested size: 507.92198pt x 718.31905pt.
File: endmatter//docs/suncq.pdf Graphic file (type pdf)
<use endmatter//docs/suncq.pdf, page 2>
Package pdftex.def Info: endmatter//docs/suncq.pdf , page2 used on input line 4.
(pdftex.def)             Requested size: 507.92198pt x 718.31905pt.
File: endmatter//docs/suncq.pdf Graphic file (type pdf)
<use endmatter//docs/suncq.pdf, page 2>
Package pdftex.def Info: endmatter//docs/suncq.pdf , page2 used on input line 4.
(pdftex.def)             Requested size: 507.92198pt x 718.31905pt.
File: endmatter//docs/suncq.pdf Graphic file (type pdf)
<use endmatter//docs/suncq.pdf, page 2>
Package pdftex.def Info: endmatter//docs/suncq.pdf , page2 used on input line 4.
(pdftex.def)             Requested size: 507.92198pt x 718.31905pt.
[49 <./endmatter//docs/suncq.pdf>]
Overfull \hbox (42.47311pt too wide) in paragraph at lines 10--20
 []|  [] 
 []


Overfull \hbox (28.25081pt too wide) in paragraph at lines 28--63
 [][] 
 []

[50]
<endmatter/./figures/az_elevation.png, id=1747, 445.665pt x 319.94531pt>
File: endmatter/./figures/az_elevation.png Graphic file (type png)
<use endmatter/./figures/az_elevation.png>
Package pdftex.def Info: endmatter/./figures/az_elevation.png  used on input line 72.
(pdftex.def)             Requested size: 204.85846pt x 147.06921pt.
LaTeX Font Info:    Trying to load font information for OMS+lmr on input line 88.
 (/usr/share/texmf/tex/latex/lm/omslmr.fd
File: omslmr.fd 2009/10/30 v1.6 Font defs for Latin Modern
)
LaTeX Font Info:    Font shape `OMS/lmr/m/n' in size <12> not available
(Font)              Font shape `OMS/lmsy/m/n' tried instead on input line 88.
) (./endmatter/appendix/designs.tex [51

 <./endmatter/./figures/az_elevation.png>]
Appendix D.
[52

]

pdfTeX warning: pdflatex (file ./endmatter//docs/gs_schematic.pdf): PDF inclusion: found PDF version <1.7>, but at most version <1.5> allowed
<endmatter//docs/gs_schematic.pdf, id=1767, 597.55246pt x 845.07724pt>
File: endmatter//docs/gs_schematic.pdf Graphic file (type pdf)
<use endmatter//docs/gs_schematic.pdf>
Package pdftex.def Info: endmatter//docs/gs_schematic.pdf  used on input line 41.
(pdftex.def)             Requested size: 597.551pt x 845.07518pt.


pdfTeX warning: pdflatex (file ./endmatter//docs/gs_schematic.pdf): PDF inclusion: found PDF version <1.7>, but at most version <1.5> allowed
File: endmatter//docs/gs_schematic.pdf Graphic file (type pdf)
<use endmatter//docs/gs_schematic.pdf>
Package pdftex.def Info: endmatter//docs/gs_schematic.pdf  used on input line 41.
(pdftex.def)             Requested size: 597.551pt x 845.07518pt.


pdfTeX warning: pdflatex (file ./endmatter//docs/gs_schematic.pdf): PDF inclusion: found PDF version <1.7>, but at most version <1.5> allowed


pdfTeX warning: pdflatex (file ./endmatter//docs/gs_schematic.pdf): PDF inclusion: found PDF version <1.7>, but at most version <1.5> allowed
<endmatter//docs/gs_schematic.pdf, id=1770, page=1, 597.55246pt x 845.07724pt>
File: endmatter//docs/gs_schematic.pdf Graphic file (type pdf)
<use endmatter//docs/gs_schematic.pdf, page 1>
Package pdftex.def Info: endmatter//docs/gs_schematic.pdf , page1 used on input line 41.
(pdftex.def)             Requested size: 597.551pt x 845.07518pt.
File: endmatter//docs/gs_schematic.pdf Graphic file (type pdf)
<use endmatter//docs/gs_schematic.pdf, page 1>
Package pdftex.def Info: endmatter//docs/gs_schematic.pdf , page1 used on input line 41.
(pdftex.def)             Requested size: 507.92198pt x 718.31905pt.
File: endmatter//docs/gs_schematic.pdf Graphic file (type pdf)
<use endmatter//docs/gs_schematic.pdf, page 1>
Package pdftex.def Info: endmatter//docs/gs_schematic.pdf , page1 used on input line 41.
(pdftex.def)             Requested size: 507.92198pt x 718.31905pt.
File: endmatter//docs/gs_schematic.pdf Graphic file (type pdf)
<use endmatter//docs/gs_schematic.pdf, page 1>
Package pdftex.def Info: endmatter//docs/gs_schematic.pdf , page1 used on input line 41.
(pdftex.def)             Requested size: 507.92198pt x 718.31905pt.
File: endmatter//docs/gs_schematic.pdf Graphic file (type pdf)
<use endmatter//docs/gs_schematic.pdf, page 1>
Package pdftex.def Info: endmatter//docs/gs_schematic.pdf , page1 used on input line 41.
(pdftex.def)             Requested size: 507.92198pt x 718.31905pt.
[53

 <./endmatter//docs/gs_schematic.pdf>]

pdfTeX warning: pdflatex (file ./endmatter//docs/pq_schematic.pdf): PDF inclusion: found PDF version <1.7>, but at most version <1.5> allowed
<endmatter//docs/pq_schematic.pdf, id=1776, 597.55246pt x 845.07724pt>
File: endmatter//docs/pq_schematic.pdf Graphic file (type pdf)
<use endmatter//docs/pq_schematic.pdf>
Package pdftex.def Info: endmatter//docs/pq_schematic.pdf  used on input line 42.
(pdftex.def)             Requested size: 597.551pt x 845.07518pt.


pdfTeX warning: pdflatex (file ./endmatter//docs/pq_schematic.pdf): PDF inclusion: found PDF version <1.7>, but at most version <1.5> allowed
File: endmatter//docs/pq_schematic.pdf Graphic file (type pdf)
<use endmatter//docs/pq_schematic.pdf>
Package pdftex.def Info: endmatter//docs/pq_schematic.pdf  used on input line 42.
(pdftex.def)             Requested size: 597.551pt x 845.07518pt.


pdfTeX warning: pdflatex (file ./endmatter//docs/pq_schematic.pdf): PDF inclusion: found PDF version <1.7>, but at most version <1.5> allowed


pdfTeX warning: pdflatex (file ./endmatter//docs/pq_schematic.pdf): PDF inclusion: found PDF version <1.7>, but at most version <1.5> allowed
<endmatter//docs/pq_schematic.pdf, id=1779, page=1, 597.55246pt x 845.07724pt>
File: endmatter//docs/pq_schematic.pdf Graphic file (type pdf)
<use endmatter//docs/pq_schematic.pdf, page 1>
Package pdftex.def Info: endmatter//docs/pq_schematic.pdf , page1 used on input line 42.
(pdftex.def)             Requested size: 597.551pt x 845.07518pt.
File: endmatter//docs/pq_schematic.pdf Graphic file (type pdf)
<use endmatter//docs/pq_schematic.pdf, page 1>
Package pdftex.def Info: endmatter//docs/pq_schematic.pdf , page1 used on input line 42.
(pdftex.def)             Requested size: 507.92198pt x 718.31905pt.
File: endmatter//docs/pq_schematic.pdf Graphic file (type pdf)
<use endmatter//docs/pq_schematic.pdf, page 1>
Package pdftex.def Info: endmatter//docs/pq_schematic.pdf , page1 used on input line 42.
(pdftex.def)             Requested size: 507.92198pt x 718.31905pt.
File: endmatter//docs/pq_schematic.pdf Graphic file (type pdf)
<use endmatter//docs/pq_schematic.pdf, page 1>
Package pdftex.def Info: endmatter//docs/pq_schematic.pdf , page1 used on input line 42.
(pdftex.def)             Requested size: 507.92198pt x 718.31905pt.
File: endmatter//docs/pq_schematic.pdf Graphic file (type pdf)
<use endmatter//docs/pq_schematic.pdf, page 1>
Package pdftex.def Info: endmatter//docs/pq_schematic.pdf , page1 used on input line 42.
(pdftex.def)             Requested size: 507.92198pt x 718.31905pt.
[54 <./endmatter//docs/pq_schematic.pdf>]
<endmatter/./figures/gs_pcb_design_front.png, id=1786, 655.69969pt x 625.58719pt>
File: endmatter/./figures/gs_pcb_design_front.png Graphic file (type png)
<use endmatter/./figures/gs_pcb_design_front.png>
Package pdftex.def Info: endmatter/./figures/gs_pcb_design_front.png  used on input line 47.
(pdftex.def)             Requested size: 432.48051pt x 412.62154pt.
<endmatter/./figures/gs_pcb_design_back.png, id=1787, 660.96938pt x 627.09282pt>
File: endmatter/./figures/gs_pcb_design_back.png Graphic file (type png)
<use endmatter/./figures/gs_pcb_design_back.png>
Package pdftex.def Info: endmatter/./figures/gs_pcb_design_back.png  used on input line 53.
(pdftex.def)             Requested size: 432.48051pt x 410.33257pt.
 [55 <./endmatter/./figures/gs_pcb_design_front.png>] [56 <./endmatter/./figures/gs_pcb_design_back.png>] [57

]
Overfull \hbox (14.82295pt too wide) in paragraph at lines 115--126
 [][] 
 []


Overfull \hbox (21.86229pt too wide) in paragraph at lines 132--141
 [][] 
 []


Overfull \hbox (23.02153pt too wide) in paragraph at lines 181--191
 [][] 
 []

[58]) (./endmatter/appendix/hardware.tex [59]
Appendix E.
<endmatter/./figures/antennaMount.png, id=1810, 404.35065pt x 557.9244pt>
File: endmatter/./figures/antennaMount.png Graphic file (type png)
<use endmatter/./figures/antennaMount.png>
Package pdftex.def Info: endmatter/./figures/antennaMount.png  used on input line 7.
(pdftex.def)             Requested size: 295.90588pt x 408.2945pt.
[60

 <./endmatter/./figures/antennaMount.png>]
<endmatter/./figures/mountRotation1.jpg, id=1817, 4015.0pt x 3011.25pt>
File: endmatter/./figures/mountRotation1.jpg Graphic file (type jpg)
<use endmatter/./figures/mountRotation1.jpg>
Package pdftex.def Info: endmatter/./figures/mountRotation1.jpg  used on input line 36.
(pdftex.def)             Requested size: 138.39691pt x 103.79634pt.
<endmatter/./figures/mountRotation2.jpg, id=1818, 4015.0pt x 3011.25pt>
File: endmatter/./figures/mountRotation2.jpg Graphic file (type jpg)
<use endmatter/./figures/mountRotation2.jpg>
Package pdftex.def Info: endmatter/./figures/mountRotation2.jpg  used on input line 42.
(pdftex.def)             Requested size: 138.39691pt x 103.79634pt.
<endmatter/./figures/mountRotation3.jpg, id=1819, 4015.0pt x 3011.25pt>
File: endmatter/./figures/mountRotation3.jpg Graphic file (type jpg)
<use endmatter/./figures/mountRotation3.jpg>
Package pdftex.def Info: endmatter/./figures/mountRotation3.jpg  used on input line 48.
(pdftex.def)             Requested size: 138.39691pt x 103.79634pt.
<endmatter/./figures/mountRotation4.jpg, id=1820, 4015.0pt x 3011.25pt>
File: endmatter/./figures/mountRotation4.jpg Graphic file (type jpg)
<use endmatter/./figures/mountRotation4.jpg>
Package pdftex.def Info: endmatter/./figures/mountRotation4.jpg  used on input line 56.
(pdftex.def)             Requested size: 138.39691pt x 103.79634pt.
<endmatter/./figures/mountRotation6.jpg, id=1821, 4015.0pt x 3011.25pt>
File: endmatter/./figures/mountRotation6.jpg Graphic file (type jpg)
<use endmatter/./figures/mountRotation6.jpg>
Package pdftex.def Info: endmatter/./figures/mountRotation6.jpg  used on input line 62.
(pdftex.def)             Requested size: 138.39691pt x 103.79634pt.
<endmatter/./figures/mountRotation7.jpg, id=1822, 4015.0pt x 3011.25pt>
File: endmatter/./figures/mountRotation7.jpg Graphic file (type jpg)
<use endmatter/./figures/mountRotation7.jpg>
Package pdftex.def Info: endmatter/./figures/mountRotation7.jpg  used on input line 68.
(pdftex.def)             Requested size: 138.39691pt x 103.79634pt.
<endmatter/./figures/gsExistingFront.jpeg, id=1823, 1168.365pt x 1606.0pt>
File: endmatter/./figures/gsExistingFront.jpeg Graphic file (type jpg)
<use endmatter/./figures/gsExistingFront.jpeg>
Package pdftex.def Info: endmatter/./figures/gsExistingFront.jpeg  used on input line 78.
(pdftex.def)             Requested size: 182.09486pt x 250.29974pt.
 [61 <./endmatter/./figures/mountRotation1.jpg> <./endmatter/./figures/mountRotation2.jpg> <./endmatter/./figures/mountRotation3.jpg> <./endmatter/./figures/mountRotation4.jpg> <./endmatter/./figures/mountRotation6.jpg> <./endmatter/./figures/mountRotation7.jpg>]
<endmatter/./figures/gsExistingBack.jpeg, id=1829, 1204.5pt x 1606.0pt>
File: endmatter/./figures/gsExistingBack.jpeg Graphic file (type jpg)
<use endmatter/./figures/gsExistingBack.jpeg>
Package pdftex.def Info: endmatter/./figures/gsExistingBack.jpeg  used on input line 84.
(pdftex.def)             Requested size: 182.09486pt x 242.77654pt.
 [62 <./endmatter/./figures/gsExistingFront.jpeg> <./endmatter/./figures/gsExistingBack.jpeg>]
<endmatter/./figures/pqBreadboard.jpg, id=1834, 4015.0pt x 3011.25pt>
File: endmatter/./figures/pqBreadboard.jpg Graphic file (type jpg)
<use endmatter/./figures/pqBreadboard.jpg>
Package pdftex.def Info: endmatter/./figures/pqBreadboard.jpg  used on input line 93.
(pdftex.def)             Requested size: 318.66948pt x 238.97511pt.
<endmatter/./figures/pqUnitPower.jpg, id=1835, 2535.4725pt x 2900.8375pt>
File: endmatter/./figures/pqUnitPower.jpg Graphic file (type jpg)
<use endmatter/./figures/pqUnitPower.jpg>
Package pdftex.def Info: endmatter/./figures/pqUnitPower.jpg  used on input line 99.
(pdftex.def)             Requested size: 182.09486pt x 208.30243pt.
 [63 <./endmatter/./figures/pqBreadboard.jpg> <./endmatter/./figures/pqUnitPower.jpg>]) (./endmatter/appendix/tests.tex
Appendix F.
<endmatter/./figures/pointingTestSetup.jpeg, id=1840, 903.375pt x 917.67844pt>
File: endmatter/./figures/pointingTestSetup.jpeg Graphic file (type jpg)
<use endmatter/./figures/pointingTestSetup.jpeg>
Package pdftex.def Info: endmatter/./figures/pointingTestSetup.jpeg  used on input line 7.
(pdftex.def)             Requested size: 227.62206pt x 231.22537pt.
<endmatter/./figures/pointingTestMeasurement.jpg, id=1841, 3011.25pt x 3351.52126pt>
File: endmatter/./figures/pointingTestMeasurement.jpg Graphic file (type jpg)
<use endmatter/./figures/pointingTestMeasurement.jpg>
Package pdftex.def Info: endmatter/./figures/pointingTestMeasurement.jpg  used on input line 13.
(pdftex.def)             Requested size: 227.62206pt x 253.29657pt.
<endmatter/./figures/pointingTestMap.png, id=1842, 506.6428pt x 540.51938pt>
File: endmatter/./figures/pointingTestMap.png Graphic file (type png)
<use endmatter/./figures/pointingTestMap.png>
Package pdftex.def Info: endmatter/./figures/pointingTestMap.png  used on input line 19.
(pdftex.def)             Requested size: 227.62206pt x 242.83557pt.
[64

 <./endmatter/./figures/pointingTestSetup.jpeg>] [65 <./endmatter/./figures/pointingTestMeasurement.jpg> <./endmatter/./figures/pointingTestMap.png>]
<endmatter/./figures/rangeTests1.png, id=1852, 753.5653pt x 479.54156pt>
File: endmatter/./figures/rangeTests1.png Graphic file (type png)
<use endmatter/./figures/rangeTests1.png>
Package pdftex.def Info: endmatter/./figures/rangeTests1.png  used on input line 28.
(pdftex.def)             Requested size: 364.19667pt x 231.75784pt.
<endmatter/./figures/rangeTests2.png, id=1853, 511.9125pt x 532.23843pt>
File: endmatter/./figures/rangeTests2.png Graphic file (type png)
<use endmatter/./figures/rangeTests2.png>
Package pdftex.def Info: endmatter/./figures/rangeTests2.png  used on input line 34.
(pdftex.def)             Requested size: 295.90588pt x 307.65085pt.

Underfull \hbox (badness 10000) in paragraph at lines 43--43
[]|\OT1/lmr/bx/n/12 (+20) Test
 []


Underfull \hbox (badness 2229) in paragraph at lines 52--53
[]|\OT1/lmr/m/n/12 (+20) Firgrove Way Field,
 []


Underfull \hbox (badness 10000) in paragraph at lines 54--54
[]|\OT1/lmr/m/n/12 (+20) Cloudy con-di-
 []


Underfull \hbox (badness 1248) in paragraph at lines 58--59
[]|\OT1/lmr/m/n/12 (+20) Windmill Beach, Si-
 []


Underfull \hbox (badness 1248) in paragraph at lines 63--64
[]|\OT1/lmr/m/n/12 (+20) Windmill Beach, Si-
 []


Underfull \hbox (badness 10000) in paragraph at lines 68--69
[]|\OT1/lmr/m/n/12 (+20) Silvermine Look-out
 []


Underfull \hbox (badness 10000) in paragraph at lines 69--69
[]|\OT1/lmr/m/n/12 (+20) Optimal trans-
 []


Underfull \hbox (badness 6204) in paragraph at lines 82--83
[]|\OT1/lmr/m/n/12 (+20) Stompneus Look-out,
 []


Underfull \hbox (badness 10000) in paragraph at lines 84--84
[]|\OT1/lmr/m/n/12 (+20) Sub-optimal
 []


Underfull \hbox (badness 10000) in paragraph at lines 84--84
\OT1/lmr/m/n/12 (+20) trans-mit-ter
 []


Underfull \hbox (badness 10000) in paragraph at lines 84--84
\OT1/lmr/m/n/12 (+20) multi-path ef-
 []

[66

 <./endmatter/./figures/rangeTests1.png> <./endmatter/./figures/rangeTests2.png>] [67]
<endmatter/./figures/guiConnection.png, id=1865, 609.77812pt x 470.50781pt>
File: endmatter/./figures/guiConnection.png Graphic file (type png)
<use endmatter/./figures/guiConnection.png>
Package pdftex.def Info: endmatter/./figures/guiConnection.png  used on input line 99.
(pdftex.def)             Requested size: 364.19667pt x 281.02174pt.
<endmatter/./figures/guiCalibration.png, id=1866, 604.50844pt x 471.26062pt>
File: endmatter/./figures/guiCalibration.png Graphic file (type png)
<use endmatter/./figures/guiCalibration.png>
Package pdftex.def Info: endmatter/./figures/guiCalibration.png  used on input line 105.
(pdftex.def)             Requested size: 364.19667pt x 283.91628pt.
<endmatter/./figures/guiTelemetry.png, id=1867, 603.75563pt x 473.51906pt>
File: endmatter/./figures/guiTelemetry.png Graphic file (type png)
<use endmatter/./figures/guiTelemetry.png>
Package pdftex.def Info: endmatter/./figures/guiTelemetry.png  used on input line 111.
(pdftex.def)             Requested size: 364.19667pt x 285.63092pt.
))

Package caption Warning: Unused \captionsetup[algorithm] on input line 110.
See the caption package documentation for explanation.

[68

 <./endmatter/./figures/guiConnection.png> <./endmatter/./figures/guiCalibration.png>] [69 <./endmatter/./figures/guiTelemetry.png>] (build/report.aux)
Package rerunfilecheck Info: File `report.out' has not changed.
(rerunfilecheck)             Checksum: 0905B2176077ABB7D50FBABE4B5CA60A;14960.
 ) 
Here is how much of TeX's memory you used:
 23513 strings out of 480171
 455470 string characters out of 5894489
 809664 words of memory out of 5000000
 40241 multiletter control sequences out of 15000+600000
 547820 words of font info for 202 fonts, out of 8000000 for 9000
 59 hyphenation exceptions out of 8191
 71i,18n,97p,1926b,1149s stack positions out of 5000i,500n,10000p,200000b,80000s
{/usr/share/texmf/fonts/enc/dvips/lm/lm-rm.enc}{/usr/share/texmf/fonts/enc/dvips/lm/lm-rmtt.enc}{/usr/share/texmf/fonts/enc/dvips/lm/lm-mathit.enc}{/usr/share/texmf/fonts/enc/dvips/lm/lm-mathsy.enc}{/usr/share/texmf/fonts/enc/dvips/lm/lm-ts1.enc}</usr/share/texmf/fonts/type1/public/lm/lmbx12.pfb></usr/share/texmf/fonts/type1/public/lm/lmmi10.pfb></usr/share/texmf/fonts/type1/public/lm/lmmi12.pfb></usr/share/texmf/fonts/type1/public/lm/lmmi6.pfb></usr/share/texmf/fonts/type1/public/lm/lmmi8.pfb></usr/share/texmf/fonts/type1/public/lm/lmr10.pfb></usr/share/texmf/fonts/type1/public/lm/lmr12.pfb></usr/share/texmf/fonts/type1/public/lm/lmr17.pfb></usr/share/texmf/fonts/type1/public/lm/lmr6.pfb></usr/share/texmf/fonts/type1/public/lm/lmr8.pfb></usr/share/texmf/fonts/type1/public/lm/lmri10.pfb></usr/share/texmf/fonts/type1/public/lm/lmri12.pfb></usr/share/texmf/fonts/type1/public/lm/lmssbx10.pfb></usr/share/texmf/fonts/type1/public/lm/lmsy10.pfb></usr/share/texmf/fonts/type1/public/lm/lmsy8.pfb></usr/share/texmf/fonts/type1/public/lm/lmtt12.pfb>
Output written on build/report.pdf (82 pages, 93485332 bytes).
PDF statistics:
 2031 PDF objects out of 2073 (max. 8388607)
 1713 compressed objects within 18 object streams
 341 named destinations out of 1000 (max. 500000)
 44918 words of extra memory for PDF output out of 51595 (max. 10000000)

